#
# There is insufficient memory for the Java Runtime Environment to continue.
# Native memory allocation (malloc) failed to allocate 1770016 bytes for Chunk::new
# Possible reasons:
#   The system is out of physical RAM or swap space
#   In 32 bit mode, the process size limit was hit
# Possible solutions:
#   Reduce memory load on the system
#   Increase physical memory or swap space
#   Check if swap backing store is full
#   Use 64 bit Java on a 64 bit OS
#   Decrease Java heap size (-Xmx/-Xms)
#   Decrease number of Java threads
#   Decrease Java thread stack sizes (-Xss)
#   Set larger code cache with -XX:ReservedCodeCacheSize=
# This output file may be truncated or incomplete.
#
#  Out of Memory Error (allocation.cpp:390), pid=19568, tid=12296
#
# JRE version: Java(TM) SE Runtime Environment (8.0_40-b26) (build 1.8.0_40-b26)
# Java VM: Java HotSpot(TM) 64-Bit Server VM (25.40-b25 mixed mode windows-amd64 compressed oops)
# Failed to write core dump. Minidumps are not enabled by default on client versions of Windows
#

---------------  T H R E A D  ---------------

Current thread (0x0000000015fc3800):  JavaThread "C2 CompilerThread1" daemon [_thread_in_native, id=12296, stack(0x0000000016370000,0x0000000016470000)]

Stack: [0x0000000016370000,0x0000000016470000]
Native frames: (J=compiled Java code, j=interpreted, Vv=VM code, C=native code)
V  [jvm.dll+0x32b47a]
V  [jvm.dll+0x2797f3]
V  [jvm.dll+0x27a489]
V  [jvm.dll+0x2717a5]
V  [jvm.dll+0xcb9a2]
V  [jvm.dll+0xcbe6c]
V  [jvm.dll+0x476ea2]
V  [jvm.dll+0x4b950f]
V  [jvm.dll+0x46bf81]
V  [jvm.dll+0x46ccbe]
V  [jvm.dll+0x4500d2]
V  [jvm.dll+0xa4312]
V  [jvm.dll+0xa4c4f]
V  [jvm.dll+0x241914]
V  [jvm.dll+0x29848a]
C  [msvcr100.dll+0x21d9f]
C  [msvcr100.dll+0x21e3b]
C  [KERNEL32.DLL+0x16ad]
C  [ntdll.dll+0x74629]


Current CompileTask:
C2:  11918 1954       4       com.android.dx.rop.code.Rops::ropFor (771 bytes)


---------------  P R O C E S S  ---------------

Java Threads: ( => current thread )
  0x0000000016206000 JavaThread "pool-1-thread-4" [_thread_in_Java, id=16368, stack(0x0000000016b70000,0x0000000016c70000)]
  0x0000000016202000 JavaThread "pool-1-thread-3" [_thread_in_Java, id=18692, stack(0x0000000016a70000,0x0000000016b70000)]
  0x0000000016201000 JavaThread "pool-1-thread-2" [_thread_in_Java, id=28652, stack(0x0000000016970000,0x0000000016a70000)]
  0x00000000161f8000 JavaThread "pool-2-thread-1" [_thread_blocked, id=5540, stack(0x0000000016870000,0x0000000016970000)]
  0x00000000161ea000 JavaThread "pool-1-thread-1" [_thread_in_Java, id=19088, stack(0x0000000016770000,0x0000000016870000)]
  0x0000000015fce000 JavaThread "Service Thread" daemon [_thread_blocked, id=11992, stack(0x0000000016570000,0x0000000016670000)]
  0x0000000015fc6000 JavaThread "C1 CompilerThread2" daemon [_thread_blocked, id=17480, stack(0x0000000016470000,0x0000000016570000)]
=>0x0000000015fc3800 JavaThread "C2 CompilerThread1" daemon [_thread_in_native, id=12296, stack(0x0000000016370000,0x0000000016470000)]
  0x000000001492c000 JavaThread "C2 CompilerThread0" daemon [_thread_blocked, id=18936, stack(0x0000000015e70000,0x0000000015f70000)]
  0x000000001492a000 JavaThread "Attach Listener" daemon [_thread_blocked, id=2604, stack(0x0000000015d70000,0x0000000015e70000)]
  0x0000000014979000 JavaThread "Signal Dispatcher" daemon [_thread_blocked, id=9176, stack(0x0000000015c70000,0x0000000015d70000)]
  0x00000000021c6000 JavaThread "Finalizer" daemon [_thread_blocked, id=20180, stack(0x0000000015b70000,0x0000000015c70000)]
  0x00000000021bd000 JavaThread "Reference Handler" daemon [_thread_blocked, id=18844, stack(0x0000000015a70000,0x0000000015b70000)]
  0x00000000020d0800 JavaThread "main" [_thread_in_Java, id=19720, stack(0x0000000001c90000,0x0000000001d90000)]

Other Threads:
  0x00000000148e8000 VMThread [stack: 0x0000000015970000,0x0000000015a70000] [id=8116]
  0x0000000015fef800 WatcherThread [stack: 0x0000000016670000,0x0000000016770000] [id=13528]

VM state:not at safepoint (normal execution)

VM Mutex/Monitor currently owned by a thread: None

Heap:
 PSYoungGen      total 68096K, used 55462K [0x00000000eab00000, 0x00000000ef000000, 0x0000000100000000)
  eden space 65536K, 80% used [0x00000000eab00000,0x00000000edeab610,0x00000000eeb00000)
  from space 2560K, 99% used [0x00000000eed80000,0x00000000eeffe548,0x00000000ef000000)
  to   space 2560K, 0% used [0x00000000eeb00000,0x00000000eeb00000,0x00000000eed80000)
 ParOldGen       total 44032K, used 14035K [0x00000000c0000000, 0x00000000c2b00000, 0x00000000eab00000)
  object space 44032K, 31% used [0x00000000c0000000,0x00000000c0db4d00,0x00000000c2b00000)
 Metaspace       used 6293K, capacity 7158K, committed 7296K, reserved 1056768K
  class space    used 608K, capacity 622K, committed 640K, reserved 1048576K

Card table byte_map: [0x0000000011610000,0x0000000011820000] byte_map_base: 0x0000000011010000

Marking Bits: (ParMarkBitMap*) 0x000000006db74040
 Begin Bits: [0x0000000011d80000, 0x0000000012d80000)
 End Bits:   [0x0000000012d80000, 0x0000000013d80000)

Polling page: 0x0000000000370000

CodeCache: size=245760Kb used=8653Kb max_used=8665Kb free=237106Kb
 bounds [0x0000000002250000, 0x0000000002ad0000, 0x0000000011250000]
 total_blobs=2160 nmethods=1888 adapters=184
 compilation: enabled

Compilation events (10 events):
Event: 11.759 Thread 0x000000001492c000 1934       4       com.android.dx.ssa.SsaBasicBlock::scheduleMovesFromPhis (108 bytes)
Event: 11.760 Thread 0x000000001492c000 nmethod 1934 0x0000000002a7b950 code [0x0000000002a7ba80, 0x0000000002a7bb38]
Event: 11.760 Thread 0x000000001492c000 1929       4       com.android.dx.rop.code.ThrowingCstInsn::accept (8 bytes)
Event: 11.760 Thread 0x000000001492c000 nmethod 1929 0x00000000029a7c90 code [0x00000000029a7dc0, 0x00000000029a7e38]
Event: 11.760 Thread 0x000000001492c000 1938       4       com.android.dx.ssa.back.SsaToRop::convertBasicBlock (126 bytes)
Event: 11.798 Thread 0x000000001492c000 nmethod 1938 0x0000000002acd1d0 code [0x0000000002acd3e0, 0x0000000002ace508]
Event: 11.798 Thread 0x000000001492c000 1951       4       java.lang.StringBuilder::append (8 bytes)
Event: 11.806 Thread 0x000000001492c000 nmethod 1951 0x0000000002a7a290 code [0x0000000002a7a3e0, 0x0000000002a7a7b8]
Event: 11.806 Thread 0x000000001492c000 1921       4       com.android.dx.rop.cst.CstString::equals (24 bytes)
Event: 11.807 Thread 0x000000001492c000 nmethod 1921 0x0000000002abd390 code [0x0000000002abd4e0, 0x0000000002abd658]

GC Heap History (8 events):
Event: 2.600 GC heap before
{Heap before GC invocations=1 (full 0):
 PSYoungGen      total 18944K, used 16384K [0x00000000eab00000, 0x00000000ec000000, 0x0000000100000000)
  eden space 16384K, 100% used [0x00000000eab00000,0x00000000ebb00000,0x00000000ebb00000)
  from space 2560K, 0% used [0x00000000ebd80000,0x00000000ebd80000,0x00000000ec000000)
  to   space 2560K, 0% used [0x00000000ebb00000,0x00000000ebb00000,0x00000000ebd80000)
 ParOldGen       total 44032K, used 0K [0x00000000c0000000, 0x00000000c2b00000, 0x00000000eab00000)
  object space 44032K, 0% used [0x00000000c0000000,0x00000000c0000000,0x00000000c2b00000)
 Metaspace       used 5692K, capacity 6768K, committed 7040K, reserved 1056768K
  class space    used 581K, capacity 616K, committed 640K, reserved 1048576K
Event: 2.839 GC heap after
Heap after GC invocations=1 (full 0):
 PSYoungGen      total 18944K, used 2557K [0x00000000eab00000, 0x00000000ed000000, 0x0000000100000000)
  eden space 16384K, 0% used [0x00000000eab00000,0x00000000eab00000,0x00000000ebb00000)
  from space 2560K, 99% used [0x00000000ebb00000,0x00000000ebd7f638,0x00000000ebd80000)
  to   space 2560K, 0% used [0x00000000ecd80000,0x00000000ecd80000,0x00000000ed000000)
 ParOldGen       total 44032K, used 2041K [0x00000000c0000000, 0x00000000c2b00000, 0x00000000eab00000)
  object space 44032K, 4% used [0x00000000c0000000,0x00000000c01fe7b8,0x00000000c2b00000)
 Metaspace       used 5692K, capacity 6768K, committed 7040K, reserved 1056768K
  class space    used 581K, capacity 616K, committed 640K, reserved 1048576K
}
Event: 3.361 GC heap before
{Heap before GC invocations=2 (full 0):
 PSYoungGen      total 18944K, used 18941K [0x00000000eab00000, 0x00000000ed000000, 0x0000000100000000)
  eden space 16384K, 100% used [0x00000000eab00000,0x00000000ebb00000,0x00000000ebb00000)
  from space 2560K, 99% used [0x00000000ebb00000,0x00000000ebd7f638,0x00000000ebd80000)
  to   space 2560K, 0% used [0x00000000ecd80000,0x00000000ecd80000,0x00000000ed000000)
 ParOldGen       total 44032K, used 2041K [0x00000000c0000000, 0x00000000c2b00000, 0x00000000eab00000)
  object space 44032K, 4% used [0x00000000c0000000,0x00000000c01fe7b8,0x00000000c2b00000)
 Metaspace       used 5954K, capacity 6960K, committed 7040K, reserved 1056768K
  class space    used 586K, capacity 616K, committed 640K, reserved 1048576K
Event: 3.804 GC heap after
Heap after GC invocations=2 (full 0):
 PSYoungGen      total 35328K, used 2540K [0x00000000eab00000, 0x00000000ed000000, 0x0000000100000000)
  eden space 32768K, 0% used [0x00000000eab00000,0x00000000eab00000,0x00000000ecb00000)
  from space 2560K, 99% used [0x00000000ecd80000,0x00000000ecffb058,0x00000000ed000000)
  to   space 2560K, 0% used [0x00000000ecb00000,0x00000000ecb00000,0x00000000ecd80000)
 ParOldGen       total 44032K, used 4952K [0x00000000c0000000, 0x00000000c2b00000, 0x00000000eab00000)
  object space 44032K, 11% used [0x00000000c0000000,0x00000000c04d61b8,0x00000000c2b00000)
 Metaspace       used 5954K, capacity 6960K, committed 7040K, reserved 1056768K
  class space    used 586K, capacity 616K, committed 640K, reserved 1048576K
}
Event: 7.610 GC heap before
{Heap before GC invocations=3 (full 0):
 PSYoungGen      total 35328K, used 35308K [0x00000000eab00000, 0x00000000ed000000, 0x0000000100000000)
  eden space 32768K, 100% used [0x00000000eab00000,0x00000000ecb00000,0x00000000ecb00000)
  from space 2560K, 99% used [0x00000000ecd80000,0x00000000ecffb058,0x00000000ed000000)
  to   space 2560K, 0% used [0x00000000ecb00000,0x00000000ecb00000,0x00000000ecd80000)
 ParOldGen       total 44032K, used 4952K [0x00000000c0000000, 0x00000000c2b00000, 0x00000000eab00000)
  object space 44032K, 11% used [0x00000000c0000000,0x00000000c04d61b8,0x00000000c2b00000)
 Metaspace       used 6139K, capacity 7030K, committed 7296K, reserved 1056768K
  class space    used 606K, capacity 622K, committed 640K, reserved 1048576K
Event: 7.736 GC heap after
Heap after GC invocations=3 (full 0):
 PSYoungGen      total 35328K, used 2541K [0x00000000eab00000, 0x00000000ef000000, 0x0000000100000000)
  eden space 32768K, 0% used [0x00000000eab00000,0x00000000eab00000,0x00000000ecb00000)
  from space 2560K, 99% used [0x00000000ecb00000,0x00000000ecd7b7f8,0x00000000ecd80000)
  to   space 2560K, 0% used [0x00000000eed80000,0x00000000eed80000,0x00000000ef000000)
 ParOldGen       total 44032K, used 9212K [0x00000000c0000000, 0x00000000c2b00000, 0x00000000eab00000)
  object space 44032K, 20% used [0x00000000c0000000,0x00000000c08ff348,0x00000000c2b00000)
 Metaspace       used 6139K, capacity 7030K, committed 7296K, reserved 1056768K
  class space    used 606K, capacity 622K, committed 640K, reserved 1048576K
}
Event: 9.252 GC heap before
{Heap before GC invocations=4 (full 0):
 PSYoungGen      total 35328K, used 35309K [0x00000000eab00000, 0x00000000ef000000, 0x0000000100000000)
  eden space 32768K, 100% used [0x00000000eab00000,0x00000000ecb00000,0x00000000ecb00000)
  from space 2560K, 99% used [0x00000000ecb00000,0x00000000ecd7b7f8,0x00000000ecd80000)
  to   space 2560K, 0% used [0x00000000eed80000,0x00000000eed80000,0x00000000ef000000)
 ParOldGen       total 44032K, used 9212K [0x00000000c0000000, 0x00000000c2b00000, 0x00000000eab00000)
  object space 44032K, 20% used [0x00000000c0000000,0x00000000c08ff348,0x00000000c2b00000)
 Metaspace       used 6251K, capacity 7158K, committed 7296K, reserved 1056768K
  class space    used 607K, capacity 622K, committed 640K, reserved 1048576K
Event: 9.327 GC heap after
Heap after GC invocations=4 (full 0):
 PSYoungGen      total 68096K, used 2553K [0x00000000eab00000, 0x00000000ef000000, 0x0000000100000000)
  eden space 65536K, 0% used [0x00000000eab00000,0x00000000eab00000,0x00000000eeb00000)
  from space 2560K, 99% used [0x00000000eed80000,0x00000000eeffe548,0x00000000ef000000)
  to   space 2560K, 0% used [0x00000000eeb00000,0x00000000eeb00000,0x00000000eed80000)
 ParOldGen       total 44032K, used 14035K [0x00000000c0000000, 0x00000000c2b00000, 0x00000000eab00000)
  object space 44032K, 31% used [0x00000000c0000000,0x00000000c0db4d00,0x00000000c2b00000)
 Metaspace       used 6251K, capacity 7158K, committed 7296K, reserved 1056768K
  class space    used 607K, capacity 622K, committed 640K, reserved 1048576K
}

Deoptimization events (10 events):
Event: 9.468 Thread 0x0000000016201000 Uncommon trap: reason=bimorphic action=maybe_recompile pc=0x0000000002962a4c method=com.android.dx.cf.code.BytecodeArray.parseInstruction(ILcom/android/dx/cf/code/BytecodeArray$Visitor;)I @ 1357
Event: 9.469 Thread 0x0000000016201000 Uncommon trap: reason=bimorphic action=maybe_recompile pc=0x0000000002962a4c method=com.android.dx.cf.code.BytecodeArray.parseInstruction(ILcom/android/dx/cf/code/BytecodeArray$Visitor;)I @ 1357
Event: 9.504 Thread 0x0000000016206000 Uncommon trap: reason=bimorphic action=maybe_recompile pc=0x000000000281dbd0 method=com.android.dx.ssa.LiteralOpUpgrader.tryReplacingWithConstant(Lcom/android/dx/ssa/NormalSsaInsn;)Z @ 62
Event: 9.511 Thread 0x0000000016206000 Uncommon trap: reason=bimorphic action=maybe_recompile pc=0x000000000281dbd0 method=com.android.dx.ssa.LiteralOpUpgrader.tryReplacingWithConstant(Lcom/android/dx/ssa/NormalSsaInsn;)Z @ 62
Event: 10.413 Thread 0x0000000016202000 Uncommon trap: reason=unstable_if action=reinterpret pc=0x00000000029bed70 method=com.android.dx.cf.code.LocalVariableList$Item.matchesPcAndIndex(II)Z @ 13
Event: 10.421 Thread 0x0000000016202000 Uncommon trap: reason=unstable_if action=reinterpret pc=0x00000000026c83bc method=com.android.dx.util.IntList.binarysearch(I)I @ 105
Event: 10.422 Thread 0x0000000016202000 Uncommon trap: reason=unstable_if action=reinterpret pc=0x000000000297da54 method=com.android.dx.ssa.SsaBasicBlock.newFromRop(Lcom/android/dx/rop/code/RopMethod;ILcom/android/dx/ssa/SsaMethod;)Lcom/android/dx/ssa/SsaBasicBlock; @ 164
Event: 10.432 Thread 0x0000000016202000 Uncommon trap: reason=unstable_if action=reinterpret pc=0x000000000292c1d4 method=com.android.dx.ssa.MoveParamCombiner$1.visitNonMoveInsn(Lcom/android/dx/ssa/NormalSsaInsn;)V @ 27
Event: 11.387 Thread 0x0000000016201000 Uncommon trap: reason=unstable_if action=reinterpret pc=0x0000000002a675e4 method=java.util.HashMap.putVal(ILjava/lang/Object;Ljava/lang/Object;ZZ)Ljava/lang/Object; @ 94
Event: 11.730 Thread 0x0000000016202000 Uncommon trap: reason=unstable_if action=reinterpret pc=0x00000000029d9d08 method=com.android.dx.rop.code.LocalVariableExtractor.processBlock(I)V @ 195

Internal exceptions (5 events):
Event: 0.083 Thread 0x00000000020d0800 Exception <a 'java/lang/NoSuchMethodError': Method sun.misc.Unsafe.defineClass(Ljava/lang/String;[BII)Ljava/lang/Class; name or signature does not match> (0x00000000eab12f40) thrown at [D:\re\workspace\8-2-build-windows-amd64-cygwin\jdk8u40\3098\hotspot\sr¢6™O&µ?
Event: 0.083 Thread 0x00000000020d0800 Exception <a 'java/lang/NoSuchMethodError': Method sun.misc.Unsafe.prefetchRead(Ljava/lang/Object;J)V name or signature does not match> (0x00000000eab131d0) thrown at [D:\re\workspace\8-2-build-windows-amd64-cygwin\jdk8u40\3098\hotspot\src\share\vm\prims\jK‰–×@
Event: 4.265 Thread 0x00000000020d0800 Exception <a 'java/lang/ArrayIndexOutOfBoundsException': 18> (0x00000000eb7e7b08) thrown at [D:\re\workspace\8-2-build-windows-amd64-cygwin\jdk8u40\3098\hotspot\src\share\vm\interpreter\interpreterRuntime.cpp, line 366]
Event: 4.267 Thread 0x00000000020d0800 Exception <a 'java/lang/ArrayIndexOutOfBoundsException': 145> (0x00000000eb7e95d8) thrown at [D:\re\workspace\8-2-build-windows-amd64-cygwin\jdk8u40\3098\hotspot\src\share\vm\interpreter\interpreterRuntime.cpp, line 366]
Event: 4.268 Thread 0x00000000020d0800 Exception <a 'java/lang/ArrayIndexOutOfBoundsException': 40> (0x00000000eb7ea810) thrown at [D:\re\workspace\8-2-build-windows-amd64-cygwin\jdk8u40\3098\hotspot\src\share\vm\interpreter\interpreterRuntime.cpp, line 366]

Events (10 events):
Event: 10.432 Thread 0x0000000016202000 DEOPT PACKING pc=0x000000000292c1d4 sp=0x0000000016b6ea90
Event: 10.432 Thread 0x0000000016202000 DEOPT UNPACKING pc=0x000000000229582a sp=0x0000000016b6e9e8 mode 2
Event: 11.387 Thread 0x0000000016201000 Uncommon trap: trap_request=0xffffff65 fr.pc=0x0000000002a675e4
Event: 11.387 Thread 0x0000000016201000 DEOPT PACKING pc=0x0000000002a675e4 sp=0x0000000016a6e540
Event: 11.387 Thread 0x0000000016201000 DEOPT UNPACKING pc=0x000000000229582a sp=0x0000000016a6e430 mode 2
Event: 11.439 Thread 0x00000000020d0800 DEOPT PACKING pc=0x00000000029b76ca sp=0x0000000001d8e310
Event: 11.439 Thread 0x00000000020d0800 DEOPT UNPACKING pc=0x000000000229787f sp=0x0000000001d8e240 mode 0
Event: 11.730 Thread 0x0000000016202000 Uncommon trap: trap_request=0xffffff65 fr.pc=0x00000000029d9d08
Event: 11.730 Thread 0x0000000016202000 DEOPT PACKING pc=0x00000000029d9d08 sp=0x0000000016b6ecc0
Event: 11.730 Thread 0x0000000016202000 DEOPT UNPACKING pc=0x000000000229582a sp=0x0000000016b6ecc0 mode 2


Dynamic libraries:
0x00007ff7b34e0000 - 0x00007ff7b3517000 	D:\Java\jdk1.8.0_40\bin\java.exe
0x00007ffeeee20000 - 0x00007ffeeefca000 	C:\Windows\SYSTEM32\ntdll.dll
0x00007ffeeece0000 - 0x00007ffeeee1a000 	C:\Windows\system32\KERNEL32.DLL
0x00007ffeec260000 - 0x00007ffeec36f000 	C:\Windows\system32\KERNELBASE.dll
0x00007ffeeada0000 - 0x00007ffeeae28000 	C:\Windows\system32\apphelp.dll
0x00007ffee2880000 - 0x00007ffee28cf000 	C:\Windows\AppPatch\AppPatch64\AcGenral.DLL
0x00007ffeed100000 - 0x00007ffeed1a7000 	C:\Windows\system32\msvcrt.dll
0x00007ffeebf70000 - 0x00007ffeebf9b000 	C:\Windows\SYSTEM32\SspiCli.dll
0x00007ffeed530000 - 0x00007ffeed581000 	C:\Windows\system32\SHLWAPI.dll
0x00007ffeec6a0000 - 0x00007ffeec811000 	C:\Windows\system32\USER32.dll
0x00007ffeed590000 - 0x00007ffeed708000 	C:\Windows\system32\ole32.dll
0x00007ffeed710000 - 0x00007ffeeeb27000 	C:\Windows\system32\SHELL32.dll
0x00007ffeeb7a0000 - 0x00007ffeeb7be000 	C:\Windows\SYSTEM32\USERENV.dll
0x00007ffeeca30000 - 0x00007ffeecad5000 	C:\Windows\system32\ADVAPI32.dll
0x00007ffee15a0000 - 0x00007ffee15bb000 	C:\Windows\SYSTEM32\MPR.dll
0x00007ffeeeb80000 - 0x00007ffeeecb6000 	C:\Windows\system32\RPCRT4.dll
0x00007ffeed080000 - 0x00007ffeed0d7000 	C:\Windows\SYSTEM32\sechost.dll
0x00007ffeecbe0000 - 0x00007ffeecdb6000 	C:\Windows\SYSTEM32\combase.dll
0x00007ffeec830000 - 0x00007ffeec975000 	C:\Windows\system32\GDI32.dll
0x00007ffeec190000 - 0x00007ffeec1a4000 	C:\Windows\SYSTEM32\profapi.dll
0x00007ffeea410000 - 0x00007ffeea4af000 	C:\Windows\SYSTEM32\SHCORE.dll
0x00007ffeeeb40000 - 0x00007ffeeeb74000 	C:\Windows\system32\IMM32.DLL
0x00007ffeece20000 - 0x00007ffeecf59000 	C:\Windows\system32\MSCTF.dll
0x00007ffee9720000 - 0x00007ffee997a000 	C:\Windows\WinSxS\amd64_microsoft.windows.common-controls_6595b64144ccf1df_6.0.9600.17031_none_6242a4b3ecbb55a1\COMCTL32.dll
0x000000006ce00000 - 0x000000006ced2000 	D:\Java\jdk1.8.0_40\jre\bin\msvcr100.dll
0x000000006d370000 - 0x000000006dbf3000 	D:\Java\jdk1.8.0_40\jre\bin\server\jvm.dll
0x00007ffee7040000 - 0x00007ffee7049000 	C:\Windows\SYSTEM32\WSOCK32.dll
0x00007ffedec40000 - 0x00007ffedec5f000 	C:\Windows\SYSTEM32\WINMM.dll
0x00007ffee9b50000 - 0x00007ffee9b5a000 	C:\Windows\SYSTEM32\VERSION.dll
0x00007ffeed0e0000 - 0x00007ffeed0e7000 	C:\Windows\system32\PSAPI.DLL
0x00007ffeecdc0000 - 0x00007ffeece18000 	C:\Windows\system32\WS2_32.dll
0x00007ffede270000 - 0x00007ffede29a000 	C:\Windows\SYSTEM32\WINMMBASE.dll
0x00007ffeed0f0000 - 0x00007ffeed0f9000 	C:\Windows\system32\NSI.dll
0x00007ffeec5a0000 - 0x00007ffeec5ea000 	C:\Windows\SYSTEM32\cfgmgr32.dll
0x00007ffeeb020000 - 0x00007ffeeb046000 	C:\Windows\SYSTEM32\DEVOBJ.dll
0x000000006d360000 - 0x000000006d36f000 	D:\Java\jdk1.8.0_40\jre\bin\verify.dll
0x000000006d330000 - 0x000000006d359000 	D:\Java\jdk1.8.0_40\jre\bin\java.dll
0x000000006d310000 - 0x000000006d326000 	D:\Java\jdk1.8.0_40\jre\bin\zip.dll
0x00007ffee0a30000 - 0x00007ffee0bb8000 	C:\Windows\SYSTEM32\dbghelp.dll

VM Arguments:
jvm_args: -Xmx1024M -Dfile.encoding=GBK -Duser.country=CN -Duser.language=zh -Duser.variant 
java_command: com.android.dx.command.Main --dex --num-threads=4 --output C:\Users\langdexuming\AndroidStudioProjects\jadeApp\app\build\intermediates\pre-dexed\debug\classes-769da42ac302d56a63df80c83ffab0cae995aad4.jar C:\Users\langdexuming\AndroidStudioProjects\jadeApp\app\build\intermediates\exploded-aar\com.android.support\support-v4\23.0.1\jars\classes.jar
java_class_path (initial): C:\Users\langdexuming\AppData\Local\Android\sdk\build-tools\23.0.1\lib\dx.jar
Launcher Type: SUN_STANDARD

Environment Variables:
JAVA_HOME=D:\Java\jdk1.8.0_40
CLASSPATH=.;D:\Java\jdk1.8.0_40\lib;D:\Java\jdk1.8.0_40\lib\tools.jar
PATH=C:\ProgramData\Oracle\Java\javapath;D:\Python27\;C:\Windows\system32;C:\Windows;C:\Windows\System32\Wbem;C:\Windows\System32\WindowsPowerShell\v1.0\;C:\Program Files (x86)\ATI Technologies\ATI.ACE\Core-Static;C:\Program Files\Microsoft SQL Server\110\Tools\Binn\;C:\Program Files\MySQL\MySQL Server 5.5\bin;D:\Program Files\TortoiseSVN\bin;D:\Program Files\Git\cmd;%JAVA_HOME%\bin;%JAVA_HOME%\jre\bin;.;D:\Java\jdk1.8.0_40\bin;D:\Java\jdk1.8.0_40\jre\bin;.;
USERNAME=langdexuming
OS=Windows_NT
PROCESSOR_IDENTIFIER=Intel64 Family 6 Model 58 Stepping 9, GenuineIntel



---------------  S Y S T E M  ---------------

OS: Windows 8.1 , 64 bit Build 9600 (6.3.9600.17056)

CPU:total 4 (2 cores per cpu, 2 threads per core) family 6 model 58 stepping 9, cmov, cx8, fxsr, mmx, sse, sse2, sse3, ssse3, sse4.1, sse4.2, popcnt, avx, aes, clmul, erms, ht, tsc, tscinvbit, tscinv

Memory: 4k page, physical 4083992k(176212k free), swap 7229720k(5736k free)

vm_info: Java HotSpot(TM) 64-Bit Server VM (25.40-b25) for windows-amd64 JRE (1.8.0_40-b26), built on Mar  7 2015 13:51:59 by "java_re" with MS VC++ 10.0 (VS2010)

time: Sat Oct 31 21:37:23 2015
elapsed time: 11 seconds (0d 0h 0m 11s)

