#
# There is insufficient memory for the Java Runtime Environment to continue.
# Native memory allocation (malloc) failed to allocate 1048576 bytes for AllocateHeap
# Possible reasons:
#   The system is out of physical RAM or swap space
#   In 32 bit mode, the process size limit was hit
# Possible solutions:
#   Reduce memory load on the system
#   Increase physical memory or swap space
#   Check if swap backing store is full
#   Use 64 bit Java on a 64 bit OS
#   Decrease Java heap size (-Xmx/-Xms)
#   Decrease number of Java threads
#   Decrease Java thread stack sizes (-Xss)
#   Set larger code cache with -XX:ReservedCodeCacheSize=
# This output file may be truncated or incomplete.
#
#  Out of Memory Error (memory/allocation.inline.hpp:61), pid=9184, tid=26140
#
# JRE version:  (8.0_40-b26) (build )
# Java VM: Java HotSpot(TM) 64-Bit Server VM (25.40-b25 mixed mode windows-amd64 compressed oops)
# Failed to write core dump. Minidumps are not enabled by default on client versions of Windows
#

---------------  T H R E A D  ---------------

Current thread (0x0000000002490800):  JavaThread "Unknown thread" [_thread_in_vm, id=26140, stack(0x0000000002390000,0x0000000002490000)]

Stack: [0x0000000002390000,0x0000000002490000]
Native frames: (J=compiled Java code, j=interpreted, Vv=VM code, C=native code)
V  [jvm.dll+0x32b47a]
V  [jvm.dll+0x2797f3]
V  [jvm.dll+0x27a489]
V  [jvm.dll+0x2717a5]
V  [jvm.dll+0x1606]
V  [jvm.dll+0x3f7cf2]
V  [jvm.dll+0x3f868f]
V  [jvm.dll+0x3f875d]
V  [jvm.dll+0x3f8926]
V  [jvm.dll+0xf2c12]
V  [jvm.dll+0x20f139]
V  [jvm.dll+0x240d9a]
V  [jvm.dll+0x15b941]
C  [java.exe+0x216e]
C  [java.exe+0xcce7]
C  [java.exe+0xcd7b]
C  [KERNEL32.DLL+0x16ad]
C  [ntdll.dll+0x74629]


---------------  P R O C E S S  ---------------

Java Threads: ( => current thread )

Other Threads:

=>0x0000000002490800 (exited) JavaThread "Unknown thread" [_thread_in_vm, id=26140, stack(0x0000000002390000,0x0000000002490000)]

VM state:not at safepoint (normal execution)

VM Mutex/Monitor currently owned by a thread: None

Heap:
 PSYoungGen      total 18944K, used 327K [0x00000000eab00000, 0x00000000ec000000, 0x0000000100000000)
  eden space 16384K, 2% used [0x00000000eab00000,0x00000000eab51ec8,0x00000000ebb00000)
  from space 2560K, 0% used [0x00000000ebd80000,0x00000000ebd80000,0x00000000ec000000)
  to   space 2560K, 0% used [0x00000000ebb00000,0x00000000ebb00000,0x00000000ebd80000)
 ParOldGen       total 44032K, used 0K [0x00000000c0000000, 0x00000000c2b00000, 0x00000000eab00000)
  object space 44032K, 0% used [0x00000000c0000000,0x00000000c0000000,0x00000000c2b00000)
 Metaspace       used 766K, capacity 4480K, committed 4480K, reserved 1056768K
  class space    used 75K, capacity 384K, committed 384K, reserved 1048576K

Card table byte_map: [0x0000000011950000,0x0000000011b60000] byte_map_base: 0x0000000011350000

Marking Bits: (ParMarkBitMap*) 0x000000006db74040
 Begin Bits: [0x00000000120c0000, 0x00000000130c0000)
 End Bits:   [0x00000000130c0000, 0x00000000140c0000)

Polling page: 0x0000000000800000

CodeCache: size=245760Kb used=328Kb max_used=328Kb free=245431Kb
 bounds [0x0000000002590000, 0x0000000002800000, 0x0000000011590000]
 total_blobs=57 nmethods=0 adapters=37
 compilation: enabled

Compilation events (0 events):
No events

GC Heap History (0 events):
No events

Deoptimization events (0 events):
No events

Internal exceptions (0 events):
No events

Events (10 events):
Event: 0.026 loading class java/lang/Short
Event: 0.026 loading class java/lang/Short done
Event: 0.026 loading class java/lang/Integer
Event: 0.026 loading class java/lang/Integer done
Event: 0.026 loading class java/lang/Long
Event: 0.026 loading class java/lang/Long done
Event: 0.027 loading class java/lang/NullPointerException
Event: 0.027 loading class java/lang/NullPointerException done
Event: 0.027 loading class java/lang/ArithmeticException
Event: 0.027 loading class java/lang/ArithmeticException done


Dynamic libraries:
0x00007ff7b34e0000 - 0x00007ff7b3517000 	D:\Java\jdk1.8.0_40\bin\java.exe
0x00007ffeeee20000 - 0x00007ffeeefca000 	C:\Windows\SYSTEM32\ntdll.dll
0x00007ffeeece0000 - 0x00007ffeeee1a000 	C:\Windows\system32\KERNEL32.DLL
0x00007ffeec260000 - 0x00007ffeec36f000 	C:\Windows\system32\KERNELBASE.dll
0x00007ffeeada0000 - 0x00007ffeeae28000 	C:\Windows\system32\apphelp.dll
0x00007ffee2880000 - 0x00007ffee28cf000 	C:\Windows\AppPatch\AppPatch64\AcGenral.DLL
0x00007ffeed100000 - 0x00007ffeed1a7000 	C:\Windows\system32\msvcrt.dll
0x00007ffeebf70000 - 0x00007ffeebf9b000 	C:\Windows\SYSTEM32\SspiCli.dll
0x00007ffeed530000 - 0x00007ffeed581000 	C:\Windows\system32\SHLWAPI.dll
0x00007ffeec6a0000 - 0x00007ffeec811000 	C:\Windows\system32\USER32.dll
0x00007ffeed590000 - 0x00007ffeed708000 	C:\Windows\system32\ole32.dll
0x00007ffeed710000 - 0x00007ffeeeb27000 	C:\Windows\system32\SHELL32.dll
0x00007ffeeb7a0000 - 0x00007ffeeb7be000 	C:\Windows\SYSTEM32\USERENV.dll
0x00007ffeeca30000 - 0x00007ffeecad5000 	C:\Windows\system32\ADVAPI32.dll
0x00007ffee15a0000 - 0x00007ffee15bb000 	C:\Windows\SYSTEM32\MPR.dll
0x00007ffeeeb80000 - 0x00007ffeeecb6000 	C:\Windows\system32\RPCRT4.dll
0x00007ffeed080000 - 0x00007ffeed0d7000 	C:\Windows\SYSTEM32\sechost.dll
0x00007ffeecbe0000 - 0x00007ffeecdb6000 	C:\Windows\SYSTEM32\combase.dll
0x00007ffeec830000 - 0x00007ffeec975000 	C:\Windows\system32\GDI32.dll
0x00007ffeec190000 - 0x00007ffeec1a4000 	C:\Windows\SYSTEM32\profapi.dll
0x00007ffeea410000 - 0x00007ffeea4af000 	C:\Windows\SYSTEM32\SHCORE.dll
0x00007ffeeeb40000 - 0x00007ffeeeb74000 	C:\Windows\system32\IMM32.DLL
0x00007ffeece20000 - 0x00007ffeecf59000 	C:\Windows\system32\MSCTF.dll
0x00007ffee9720000 - 0x00007ffee997a000 	C:\Windows\WinSxS\amd64_microsoft.windows.common-controls_6595b64144ccf1df_6.0.9600.17031_none_6242a4b3ecbb55a1\COMCTL32.dll
0x000000006ce00000 - 0x000000006ced2000 	D:\Java\jdk1.8.0_40\jre\bin\msvcr100.dll
0x000000006d370000 - 0x000000006dbf3000 	D:\Java\jdk1.8.0_40\jre\bin\server\jvm.dll
0x00007ffee7040000 - 0x00007ffee7049000 	C:\Windows\SYSTEM32\WSOCK32.dll
0x00007ffedec40000 - 0x00007ffedec5f000 	C:\Windows\SYSTEM32\WINMM.dll
0x00007ffee9b50000 - 0x00007ffee9b5a000 	C:\Windows\SYSTEM32\VERSION.dll
0x00007ffeed0e0000 - 0x00007ffeed0e7000 	C:\Windows\system32\PSAPI.DLL
0x00007ffeecdc0000 - 0x00007ffeece18000 	C:\Windows\system32\WS2_32.dll
0x00007ffede270000 - 0x00007ffede29a000 	C:\Windows\SYSTEM32\WINMMBASE.dll
0x00007ffeed0f0000 - 0x00007ffeed0f9000 	C:\Windows\system32\NSI.dll
0x00007ffeec5a0000 - 0x00007ffeec5ea000 	C:\Windows\SYSTEM32\cfgmgr32.dll
0x00007ffeeb020000 - 0x00007ffeeb046000 	C:\Windows\SYSTEM32\DEVOBJ.dll
0x000000006d360000 - 0x000000006d36f000 	D:\Java\jdk1.8.0_40\jre\bin\verify.dll
0x000000006d330000 - 0x000000006d359000 	D:\Java\jdk1.8.0_40\jre\bin\java.dll
0x000000006d310000 - 0x000000006d326000 	D:\Java\jdk1.8.0_40\jre\bin\zip.dll
0x00007ffee0a30000 - 0x00007ffee0bb8000 	C:\Windows\SYSTEM32\dbghelp.dll

VM Arguments:
jvm_args: -Xmx1024M -Dfile.encoding=GBK -Duser.country=CN -Duser.language=zh -Duser.variant 
java_command: com.android.dx.command.Main --dex --num-threads=4 --output C:\Users\langdexuming\AndroidStudioProjects\jadeApp\app\build\intermediates\dex\debug C:\Users\langdexuming\AndroidStudioProjects\jadeApp\app\build\intermediates\classes\debug C:\Users\langdexuming\AndroidStudioProjects\jadeApp\app\build\intermediates\pre-dexed\debug\support-annotations-23.0.1-32b2c9d6ce0bc7ecb7a196d9b81e324ead5a4dd4.jar C:\Users\langdexuming\AndroidStudioProjects\jadeApp\app\build\intermediates\pre-dexed\debug\internal_impl-23.0.1-f28052311c854b154ab6f1e6b2e345ebb609fc4f.jar C:\Users\langdexuming\AndroidStudioProjects\jadeApp\app\build\intermediates\pre-dexed\debug\classes-c8f1d9bcab17fbb1fd495f35e162ef12c87fd6f8.jar C:\Users\langdexuming\AndroidStudioProjects\jadeApp\app\build\intermediates\pre-dexed\debug\classes-769da42ac302d56a63df80c83ffab0cae995aad4.jar
java_class_path (initial): C:\Users\langdexuming\AppData\Local\Android\sdk\build-tools\23.0.1\lib\dx.jar
Launcher Type: SUN_STANDARD

Environment Variables:
JAVA_HOME=D:\Java\jdk1.8.0_40
CLASSPATH=.;D:\Java\jdk1.8.0_40\lib;D:\Java\jdk1.8.0_40\lib\tools.jar
PATH=C:\ProgramData\Oracle\Java\javapath;D:\Python27\;C:\Windows\system32;C:\Windows;C:\Windows\System32\Wbem;C:\Windows\System32\WindowsPowerShell\v1.0\;C:\Program Files (x86)\ATI Technologies\ATI.ACE\Core-Static;C:\Program Files\Microsoft SQL Server\110\Tools\Binn\;C:\Program Files\MySQL\MySQL Server 5.5\bin;D:\Program Files\TortoiseSVN\bin;D:\Program Files\Git\cmd;%JAVA_HOME%\bin;%JAVA_HOME%\jre\bin;.;D:\Java\jdk1.8.0_40\bin;D:\Java\jdk1.8.0_40\jre\bin;.;
USERNAME=langdexuming
OS=Windows_NT
PROCESSOR_IDENTIFIER=Intel64 Family 6 Model 58 Stepping 9, GenuineIntel



---------------  S Y S T E M  ---------------

OS: Windows 8.1 , 64 bit Build 9600 (6.3.9600.17056)

CPU:total 4 (2 cores per cpu, 2 threads per core) family 6 model 58 stepping 9, cmov, cx8, fxsr, mmx, sse, sse2, sse3, ssse3, sse4.1, sse4.2, popcnt, avx, aes, clmul, erms, ht, tsc, tscinvbit, tscinv

Memory: 4k page, physical 4083992k(349796k free), swap 7229720k(5444k free)

vm_info: Java HotSpot(TM) 64-Bit Server VM (25.40-b25) for windows-amd64 JRE (1.8.0_40-b26), built on Mar  7 2015 13:51:59 by "java_re" with MS VC++ 10.0 (VS2010)

time: Sat Oct 31 20:00:45 2015
elapsed time: 0 seconds (0d 0h 0m 0s)

