#
# There is insufficient memory for the Java Runtime Environment to continue.
# Native memory allocation (malloc) failed to allocate 1399056 bytes for Chunk::new
# Possible reasons:
#   The system is out of physical RAM or swap space
#   In 32 bit mode, the process size limit was hit
# Possible solutions:
#   Reduce memory load on the system
#   Increase physical memory or swap space
#   Check if swap backing store is full
#   Use 64 bit Java on a 64 bit OS
#   Decrease Java heap size (-Xmx/-Xms)
#   Decrease number of Java threads
#   Decrease Java thread stack sizes (-Xss)
#   Set larger code cache with -XX:ReservedCodeCacheSize=
# This output file may be truncated or incomplete.
#
#  Out of Memory Error (allocation.cpp:390), pid=15508, tid=4772
#
# JRE version: Java(TM) SE Runtime Environment (8.0_40-b26) (build 1.8.0_40-b26)
# Java VM: Java HotSpot(TM) 64-Bit Server VM (25.40-b25 mixed mode windows-amd64 compressed oops)
# Failed to write core dump. Minidumps are not enabled by default on client versions of Windows
#

---------------  T H R E A D  ---------------

Current thread (0x00000000157c9800):  JavaThread "C2 CompilerThread0" daemon [_thread_in_native, id=4772, stack(0x0000000016cc0000,0x0000000016dc0000)]

Stack: [0x0000000016cc0000,0x0000000016dc0000]
Native frames: (J=compiled Java code, j=interpreted, Vv=VM code, C=native code)
V  [jvm.dll+0x32b47a]
V  [jvm.dll+0x2797f3]
V  [jvm.dll+0x27a489]
V  [jvm.dll+0x2717a5]
V  [jvm.dll+0xcb9a2]
V  [jvm.dll+0xcbe6c]
V  [jvm.dll+0x476ea2]
V  [jvm.dll+0x4b950f]
V  [jvm.dll+0x46b92f]
V  [jvm.dll+0x46ccbe]
V  [jvm.dll+0x4500d2]
V  [jvm.dll+0xa4312]
V  [jvm.dll+0xa4c4f]
V  [jvm.dll+0x241914]
V  [jvm.dll+0x29848a]
C  [msvcr100.dll+0x21d9f]
C  [msvcr100.dll+0x21e3b]
C  [KERNEL32.DLL+0x16ad]
C  [ntdll.dll+0x74629]


Current CompileTask:
C2:  12822 2029   !   4       com.android.dx.cf.code.Ropper::processBlock (1101 bytes)


---------------  P R O C E S S  ---------------

Java Threads: ( => current thread )
  0x0000000017157000 JavaThread "pool-1-thread-4" [_thread_in_Java, id=16960, stack(0x00000000179c0000,0x0000000017ac0000)]
  0x0000000017156800 JavaThread "pool-1-thread-3" [_thread_blocked, id=7756, stack(0x00000000178c0000,0x00000000179c0000)]
  0x0000000017156000 JavaThread "pool-1-thread-2" [_thread_in_Java, id=19704, stack(0x00000000177c0000,0x00000000178c0000)]
  0x0000000017150000 JavaThread "pool-2-thread-1" [_thread_blocked, id=12148, stack(0x00000000176c0000,0x00000000177c0000)]
  0x0000000017148800 JavaThread "pool-1-thread-1" [_thread_in_Java, id=29476, stack(0x00000000175c0000,0x00000000176c0000)]
  0x0000000016f1d000 JavaThread "Service Thread" daemon [_thread_blocked, id=15376, stack(0x00000000173c0000,0x00000000174c0000)]
  0x0000000016f19800 JavaThread "C1 CompilerThread2" daemon [_thread_blocked, id=10036, stack(0x00000000172c0000,0x00000000173c0000)]
  0x00000000157cb800 JavaThread "C2 CompilerThread1" daemon [_thread_in_native, id=14372, stack(0x0000000016dc0000,0x0000000016ec0000)]
=>0x00000000157c9800 JavaThread "C2 CompilerThread0" daemon [_thread_in_native, id=4772, stack(0x0000000016cc0000,0x0000000016dc0000)]
  0x000000001577d000 JavaThread "Attach Listener" daemon [_thread_blocked, id=16296, stack(0x0000000016bc0000,0x0000000016cc0000)]
  0x000000001577b800 JavaThread "Signal Dispatcher" daemon [_thread_blocked, id=12292, stack(0x0000000016ac0000,0x0000000016bc0000)]
  0x0000000002fb0800 JavaThread "Finalizer" daemon [_thread_blocked, id=18856, stack(0x00000000169c0000,0x0000000016ac0000)]
  0x0000000002fad000 JavaThread "Reference Handler" daemon [_thread_blocked, id=8048, stack(0x00000000168c0000,0x00000000169c0000)]
  0x0000000002ec0800 JavaThread "main" [_thread_in_Java, id=16952, stack(0x0000000002a00000,0x0000000002b00000)]

Other Threads:
  0x0000000015738000 VMThread [stack: 0x00000000167c0000,0x00000000168c0000] [id=17604]
  0x0000000016f30000 WatcherThread [stack: 0x00000000174c0000,0x00000000175c0000] [id=17508]

VM state:not at safepoint (normal execution)

VM Mutex/Monitor currently owned by a thread: None

Heap:
 PSYoungGen      total 60928K, used 40983K [0x00000000eab00000, 0x00000000ef300000, 0x0000000100000000)
  eden space 52736K, 62% used [0x00000000eab00000,0x00000000ecb06398,0x00000000ede80000)
  from space 8192K, 99% used [0x00000000ee800000,0x00000000eefffb38,0x00000000ef000000)
  to   space 9728K, 0% used [0x00000000ede80000,0x00000000ede80000,0x00000000ee800000)
 ParOldGen       total 44032K, used 22768K [0x00000000c0000000, 0x00000000c2b00000, 0x00000000eab00000)
  object space 44032K, 51% used [0x00000000c0000000,0x00000000c163c308,0x00000000c2b00000)
 Metaspace       used 6363K, capacity 7222K, committed 7296K, reserved 1056768K
  class space    used 608K, capacity 622K, committed 640K, reserved 1048576K

Card table byte_map: [0x0000000012460000,0x0000000012670000] byte_map_base: 0x0000000011e60000

Marking Bits: (ParMarkBitMap*) 0x000000006db74040
 Begin Bits: [0x0000000012bd0000, 0x0000000013bd0000)
 End Bits:   [0x0000000013bd0000, 0x0000000014bd0000)

Polling page: 0x0000000001150000

CodeCache: size=245760Kb used=9973Kb max_used=9973Kb free=235786Kb
 bounds [0x00000000030a0000, 0x0000000003a70000, 0x00000000120a0000]
 total_blobs=2302 nmethods=2030 adapters=184
 compilation: enabled

Compilation events (10 events):
Event: 12.734 Thread 0x0000000016f19800 2092       3       com.android.dx.dex.file.ClassDataItem::addStaticField (51 bytes)
Event: 12.736 Thread 0x0000000016f19800 nmethod 2092 0x0000000003a57d50 code [0x0000000003a57fc0, 0x0000000003a59228]
Event: 12.742 Thread 0x0000000016f19800 2093   !   3       java.util.concurrent.ArrayBlockingQueue::offer (55 bytes)
Event: 12.743 Thread 0x0000000016f19800 nmethod 2093 0x0000000003a59f90 code [0x0000000003a5a180, 0x0000000003a5ab58]
Event: 12.743 Thread 0x0000000016f19800 2094       3       java.util.concurrent.locks.ReentrantLock$FairSync::lock (6 bytes)
Event: 12.743 Thread 0x0000000016f19800 nmethod 2094 0x0000000003a5af90 code [0x0000000003a5b140, 0x0000000003a5b638]
Event: 12.760 Thread 0x0000000016f19800 2097       2       com.android.dx.ssa.SsaBasicBlock::getLiveOutRegs (26 bytes)
Event: 12.761 Thread 0x0000000016f19800 nmethod 2097 0x0000000003a5b7d0 code [0x0000000003a5b940, 0x0000000003a5bc48]
Event: 12.763 Thread 0x0000000016f19800 2098       2       com.android.dx.cf.code.Merger::mergeType (142 bytes)
Event: 12.764 Thread 0x0000000016f19800 nmethod 2098 0x0000000003a5be10 code [0x0000000003a5c040, 0x0000000003a5c5c8]

GC Heap History (10 events):
Event: 6.505 GC heap before
{Heap before GC invocations=4 (full 0):
 PSYoungGen      total 18944K, used 18938K [0x00000000eab00000, 0x00000000ed000000, 0x0000000100000000)
  eden space 16384K, 100% used [0x00000000eab00000,0x00000000ebb00000,0x00000000ebb00000)
  from space 2560K, 99% used [0x00000000ebb00000,0x00000000ebd7eb10,0x00000000ebd80000)
  to   space 2560K, 0% used [0x00000000ecd80000,0x00000000ecd80000,0x00000000ed000000)
 ParOldGen       total 44032K, used 7436K [0x00000000c0000000, 0x00000000c2b00000, 0x00000000eab00000)
  object space 44032K, 16% used [0x00000000c0000000,0x00000000c0743298,0x00000000c2b00000)
 Metaspace       used 6200K, capacity 7094K, committed 7296K, reserved 1056768K
  class space    used 606K, capacity 622K, committed 640K, reserved 1048576K
Event: 6.556 GC heap after
Heap after GC invocations=4 (full 0):
 PSYoungGen      total 35328K, used 2538K [0x00000000eab00000, 0x00000000ed000000, 0x0000000100000000)
  eden space 32768K, 0% used [0x00000000eab00000,0x00000000eab00000,0x00000000ecb00000)
  from space 2560K, 99% used [0x00000000ecd80000,0x00000000ecffab00,0x00000000ed000000)
  to   space 2560K, 0% used [0x00000000ecb00000,0x00000000ecb00000,0x00000000ecd80000)
 ParOldGen       total 44032K, used 9794K [0x00000000c0000000, 0x00000000c2b00000, 0x00000000eab00000)
  object space 44032K, 22% used [0x00000000c0000000,0x00000000c0990bc8,0x00000000c2b00000)
 Metaspace       used 6200K, capacity 7094K, committed 7296K, reserved 1056768K
  class space    used 606K, capacity 622K, committed 640K, reserved 1048576K
}
Event: 9.399 GC heap before
{Heap before GC invocations=5 (full 0):
 PSYoungGen      total 35328K, used 35306K [0x00000000eab00000, 0x00000000ed000000, 0x0000000100000000)
  eden space 32768K, 100% used [0x00000000eab00000,0x00000000ecb00000,0x00000000ecb00000)
  from space 2560K, 99% used [0x00000000ecd80000,0x00000000ecffab00,0x00000000ed000000)
  to   space 2560K, 0% used [0x00000000ecb00000,0x00000000ecb00000,0x00000000ecd80000)
 ParOldGen       total 44032K, used 9794K [0x00000000c0000000, 0x00000000c2b00000, 0x00000000eab00000)
  object space 44032K, 22% used [0x00000000c0000000,0x00000000c0990bc8,0x00000000c2b00000)
 Metaspace       used 6252K, capacity 7158K, committed 7296K, reserved 1056768K
  class space    used 607K, capacity 622K, committed 640K, reserved 1048576K
Event: 9.648 GC heap after
Heap after GC invocations=5 (full 0):
 PSYoungGen      total 35328K, used 2532K [0x00000000eab00000, 0x00000000ed000000, 0x0000000100000000)
  eden space 32768K, 0% used [0x00000000eab00000,0x00000000eab00000,0x00000000ecb00000)
  from space 2560K, 98% used [0x00000000ecb00000,0x00000000ecd791b0,0x00000000ecd80000)
  to   space 2560K, 0% used [0x00000000ecd80000,0x00000000ecd80000,0x00000000ed000000)
 ParOldGen       total 44032K, used 14952K [0x00000000c0000000, 0x00000000c2b00000, 0x00000000eab00000)
  object space 44032K, 33% used [0x00000000c0000000,0x00000000c0e9a348,0x00000000c2b00000)
 Metaspace       used 6252K, capacity 7158K, committed 7296K, reserved 1056768K
  class space    used 607K, capacity 622K, committed 640K, reserved 1048576K
}
Event: 10.826 GC heap before
{Heap before GC invocations=6 (full 0):
 PSYoungGen      total 35328K, used 35300K [0x00000000eab00000, 0x00000000ed000000, 0x0000000100000000)
  eden space 32768K, 100% used [0x00000000eab00000,0x00000000ecb00000,0x00000000ecb00000)
  from space 2560K, 98% used [0x00000000ecb00000,0x00000000ecd791b0,0x00000000ecd80000)
  to   space 2560K, 0% used [0x00000000ecd80000,0x00000000ecd80000,0x00000000ed000000)
 ParOldGen       total 44032K, used 14952K [0x00000000c0000000, 0x00000000c2b00000, 0x00000000eab00000)
  object space 44032K, 33% used [0x00000000c0000000,0x00000000c0e9a348,0x00000000c2b00000)
 Metaspace       used 6287K, capacity 7158K, committed 7296K, reserved 1056768K
  class space    used 608K, capacity 622K, committed 640K, reserved 1048576K
Event: 10.890 GC heap after
Heap after GC invocations=6 (full 0):
 PSYoungGen      total 29696K, used 2542K [0x00000000eab00000, 0x00000000efb00000, 0x0000000100000000)
  eden space 27136K, 0% used [0x00000000eab00000,0x00000000eab00000,0x00000000ec580000)
  from space 2560K, 99% used [0x00000000ecd80000,0x00000000ecffb8f8,0x00000000ed000000)
  to   space 8192K, 0% used [0x00000000ec580000,0x00000000ec580000,0x00000000ecd80000)
 ParOldGen       total 44032K, used 19950K [0x00000000c0000000, 0x00000000c2b00000, 0x00000000eab00000)
  object space 44032K, 45% used [0x00000000c0000000,0x00000000c137b9b0,0x00000000c2b00000)
 Metaspace       used 6287K, capacity 7158K, committed 7296K, reserved 1056768K
  class space    used 608K, capacity 622K, committed 640K, reserved 1048576K
}
Event: 11.349 GC heap before
{Heap before GC invocations=7 (full 0):
 PSYoungGen      total 29696K, used 29678K [0x00000000eab00000, 0x00000000efb00000, 0x0000000100000000)
  eden space 27136K, 100% used [0x00000000eab00000,0x00000000ec580000,0x00000000ec580000)
  from space 2560K, 99% used [0x00000000ecd80000,0x00000000ecffb8f8,0x00000000ed000000)
  to   space 8192K, 0% used [0x00000000ec580000,0x00000000ec580000,0x00000000ecd80000)
 ParOldGen       total 44032K, used 19950K [0x00000000c0000000, 0x00000000c2b00000, 0x00000000eab00000)
  object space 44032K, 45% used [0x00000000c0000000,0x00000000c137b9b0,0x00000000c2b00000)
 Metaspace       used 6294K, capacity 7158K, committed 7296K, reserved 1056768K
  class space    used 608K, capacity 622K, committed 640K, reserved 1048576K
Event: 11.455 GC heap after
Heap after GC invocations=7 (full 0):
 PSYoungGen      total 35328K, used 5886K [0x00000000eab00000, 0x00000000ef000000, 0x0000000100000000)
  eden space 27136K, 0% used [0x00000000eab00000,0x00000000eab00000,0x00000000ec580000)
  from space 8192K, 71% used [0x00000000ec580000,0x00000000ecb3fb38,0x00000000ecd80000)
  to   space 8192K, 0% used [0x00000000ee800000,0x00000000ee800000,0x00000000ef000000)
 ParOldGen       total 44032K, used 21030K [0x00000000c0000000, 0x00000000c2b00000, 0x00000000eab00000)
  object space 44032K, 47% used [0x00000000c0000000,0x00000000c1489a90,0x00000000c2b00000)
 Metaspace       used 6294K, capacity 7158K, committed 7296K, reserved 1056768K
  class space    used 608K, capacity 622K, committed 640K, reserved 1048576K
}
Event: 12.271 GC heap before
{Heap before GC invocations=8 (full 0):
 PSYoungGen      total 35328K, used 33022K [0x00000000eab00000, 0x00000000ef000000, 0x0000000100000000)
  eden space 27136K, 100% used [0x00000000eab00000,0x00000000ec580000,0x00000000ec580000)
  from space 8192K, 71% used [0x00000000ec580000,0x00000000ecb3fb38,0x00000000ecd80000)
  to   space 8192K, 0% used [0x00000000ee800000,0x00000000ee800000,0x00000000ef000000)
 ParOldGen       total 44032K, used 21030K [0x00000000c0000000, 0x00000000c2b00000, 0x00000000eab00000)
  object space 44032K, 47% used [0x00000000c0000000,0x00000000c1489a90,0x00000000c2b00000)
 Metaspace       used 6305K, capacity 7158K, committed 7296K, reserved 1056768K
  class space    used 608K, capacity 622K, committed 640K, reserved 1048576K
Event: 12.418 GC heap after
Heap after GC invocations=8 (full 0):
 PSYoungGen      total 60928K, used 8190K [0x00000000eab00000, 0x00000000ef300000, 0x0000000100000000)
  eden space 52736K, 0% used [0x00000000eab00000,0x00000000eab00000,0x00000000ede80000)
  from space 8192K, 99% used [0x00000000ee800000,0x00000000eefffb38,0x00000000ef000000)
  to   space 9728K, 0% used [0x00000000ede80000,0x00000000ede80000,0x00000000ee800000)
 ParOldGen       total 44032K, used 22768K [0x00000000c0000000, 0x00000000c2b00000, 0x00000000eab00000)
  object space 44032K, 51% used [0x00000000c0000000,0x00000000c163c308,0x00000000c2b00000)
 Metaspace       used 6305K, capacity 7158K, committed 7296K, reserved 1056768K
  class space    used 608K, capacity 622K, committed 640K, reserved 1048576K
}

Deoptimization events (10 events):
Event: 10.664 Thread 0x0000000017156800 Uncommon trap: reason=bimorphic action=maybe_recompile pc=0x0000000003939c18 method=com.android.dx.cf.code.BytecodeArray.parseInstruction(ILcom/android/dx/cf/code/BytecodeArray$Visitor;)I @ 1357
Event: 10.909 Thread 0x0000000002ec0800 Uncommon trap: reason=unstable_if action=reinterpret pc=0x00000000038162f0 method=com.android.dx.rop.code.LocalVariableExtractor.processBlock(I)V @ 195
Event: 11.168 Thread 0x0000000017148800 Uncommon trap: reason=bimorphic action=maybe_recompile pc=0x00000000036cf75c method=com.android.dx.cf.code.RopperMachine.run(Lcom/android/dx/cf/code/Frame;II)V @ 310
Event: 11.168 Thread 0x0000000017148800 Uncommon trap: reason=bimorphic action=maybe_recompile pc=0x00000000036cf75c method=com.android.dx.cf.code.RopperMachine.run(Lcom/android/dx/cf/code/Frame;II)V @ 310
Event: 11.168 Thread 0x0000000017148800 Uncommon trap: reason=bimorphic action=maybe_recompile pc=0x00000000036cf75c method=com.android.dx.cf.code.RopperMachine.run(Lcom/android/dx/cf/code/Frame;II)V @ 310
Event: 11.168 Thread 0x0000000017148800 Uncommon trap: reason=bimorphic action=maybe_recompile pc=0x00000000036cf75c method=com.android.dx.cf.code.RopperMachine.run(Lcom/android/dx/cf/code/Frame;II)V @ 310
Event: 11.497 Thread 0x0000000017156000 Uncommon trap: reason=unstable_if action=reinterpret pc=0x00000000036c6090 method=com.android.dx.rop.code.LocalItem.compareHandlesNulls(Lcom/android/dx/rop/cst/CstString;Lcom/android/dx/rop/cst/CstString;)I @ 14
Event: 11.497 Thread 0x0000000017156000 Uncommon trap: reason=unstable_if action=reinterpret pc=0x0000000003843b7c method=com.android.dx.rop.code.LocalItem.compareHandlesNulls(Lcom/android/dx/rop/cst/CstString;Lcom/android/dx/rop/cst/CstString;)I @ 14
Event: 12.209 Thread 0x0000000017148800 Uncommon trap: reason=bimorphic action=maybe_recompile pc=0x0000000003747ab4 method=com.android.dx.ssa.SCCP.simulatePhi(Lcom/android/dx/ssa/PhiInsn;)V @ 124
Event: 12.755 Thread 0x0000000017157000 Uncommon trap: reason=unstable_if action=reinterpret pc=0x00000000039fb3b4 method=com.android.dx.cf.code.Merger.mergeType(Lcom/android/dx/rop/type/TypeBearer;Lcom/android/dx/rop/type/TypeBearer;)Lcom/android/dx/rop/type/TypeBearer; @ 52

Internal exceptions (9 events):
Event: 0.063 Thread 0x0000000002ec0800 Exception <a 'java/lang/NoSuchMethodError': Method sun.misc.Unsafe.defineClass(Ljava/lang/String;[BII)Ljava/lang/Class; name or signature does not match> (0x00000000eab12f40) thrown at [D:\re\workspace\8-2-build-windows-amd64-cygwin\jdk8u40\3098\hotspot\srMG‡~$∞?
Event: 0.063 Thread 0x0000000002ec0800 Exception <a 'java/lang/NoSuchMethodError': Method sun.misc.Unsafe.prefetchRead(Ljava/lang/Object;J)V name or signature does not match> (0x00000000eab131d0) thrown at [D:\re\workspace\8-2-build-windows-amd64-cygwin\jdk8u40\3098\hotspot\src\share\vm\prims\ju›5≈AË@
Event: 6.227 Thread 0x0000000017156800 Exception <a 'java/lang/ArrayIndexOutOfBoundsException': 18> (0x00000000eb22df98) thrown at [D:\re\workspace\8-2-build-windows-amd64-cygwin\jdk8u40\3098\hotspot\src\share\vm\interpreter\interpreterRuntime.cpp, line 366]
Event: 6.301 Thread 0x0000000002ec0800 Exception <a 'java/lang/ArrayIndexOutOfBoundsException'> (0x00000000eb5f6520) thrown at [D:\re\workspace\8-2-build-windows-amd64-cygwin\jdk8u40\3098\hotspot\src\share\vm\runtime\sharedRuntime.cpp, line 605]
Event: 6.302 Thread 0x0000000002ec0800 Exception <a 'java/lang/ArrayIndexOutOfBoundsException'> (0x00000000eb5f7758) thrown at [D:\re\workspace\8-2-build-windows-amd64-cygwin\jdk8u40\3098\hotspot\src\share\vm\runtime\sharedRuntime.cpp, line 605]
Event: 6.913 Thread 0x0000000017156800 Implicit null exception at 0x0000000003716403 to 0x0000000003718e85
Event: 6.925 Thread 0x0000000017157000 Implicit null exception at 0x00000000036fb831 to 0x00000000036fe261
Event: 11.497 Thread 0x0000000017156000 Implicit null exception at 0x00000000036c4f86 to 0x00000000036c605d
Event: 11.497 Thread 0x0000000017156000 Implicit null exception at 0x00000000038439e7 to 0x0000000003843b69

Events (10 events):
Event: 12.209 Thread 0x0000000017148800 Uncommon trap: trap_request=0xffffffc6 fr.pc=0x0000000003747ab4
Event: 12.209 Thread 0x0000000017148800 DEOPT PACKING pc=0x0000000003747ab4 sp=0x00000000176be930
Event: 12.209 Thread 0x0000000017148800 DEOPT UNPACKING pc=0x00000000030e582a sp=0x00000000176be8b8 mode 2
Event: 12.257 Thread 0x0000000017156800 DEOPT PACKING pc=0x00000000038eb702 sp=0x00000000179be580
Event: 12.257 Thread 0x0000000017156800 DEOPT UNPACKING pc=0x00000000030e787f sp=0x00000000179be2b0 mode 0
Event: 12.266 Executing VM operation: ParallelGCFailedAllocation
Event: 12.418 Executing VM operation: ParallelGCFailedAllocation done
Event: 12.755 Thread 0x0000000017157000 Uncommon trap: trap_request=0xffffff65 fr.pc=0x00000000039fb3b4
Event: 12.755 Thread 0x0000000017157000 DEOPT PACKING pc=0x00000000039fb3b4 sp=0x0000000017abe7c0
Event: 12.755 Thread 0x0000000017157000 DEOPT UNPACKING pc=0x00000000030e582a sp=0x0000000017abe750 mode 2


Dynamic libraries:
0x00007ff7b34e0000 - 0x00007ff7b3517000 	D:\Java\jdk1.8.0_40\bin\java.exe
0x00007ffeeee20000 - 0x00007ffeeefca000 	C:\Windows\SYSTEM32\ntdll.dll
0x00007ffeeece0000 - 0x00007ffeeee1a000 	C:\Windows\system32\KERNEL32.DLL
0x00007ffeec260000 - 0x00007ffeec36f000 	C:\Windows\system32\KERNELBASE.dll
0x00007ffeeada0000 - 0x00007ffeeae28000 	C:\Windows\system32\apphelp.dll
0x00007ffee2880000 - 0x00007ffee28cf000 	C:\Windows\AppPatch\AppPatch64\AcGenral.DLL
0x00007ffeed100000 - 0x00007ffeed1a7000 	C:\Windows\system32\msvcrt.dll
0x00007ffeebf70000 - 0x00007ffeebf9b000 	C:\Windows\SYSTEM32\SspiCli.dll
0x00007ffeed530000 - 0x00007ffeed581000 	C:\Windows\system32\SHLWAPI.dll
0x00007ffeec6a0000 - 0x00007ffeec811000 	C:\Windows\system32\USER32.dll
0x00007ffeed590000 - 0x00007ffeed708000 	C:\Windows\system32\ole32.dll
0x00007ffeed710000 - 0x00007ffeeeb27000 	C:\Windows\system32\SHELL32.dll
0x00007ffeeb7a0000 - 0x00007ffeeb7be000 	C:\Windows\SYSTEM32\USERENV.dll
0x00007ffeeca30000 - 0x00007ffeecad5000 	C:\Windows\system32\ADVAPI32.dll
0x00007ffee15a0000 - 0x00007ffee15bb000 	C:\Windows\SYSTEM32\MPR.dll
0x00007ffeeeb80000 - 0x00007ffeeecb6000 	C:\Windows\system32\RPCRT4.dll
0x00007ffeed080000 - 0x00007ffeed0d7000 	C:\Windows\SYSTEM32\sechost.dll
0x00007ffeecbe0000 - 0x00007ffeecdb6000 	C:\Windows\SYSTEM32\combase.dll
0x00007ffeec830000 - 0x00007ffeec975000 	C:\Windows\system32\GDI32.dll
0x00007ffeec190000 - 0x00007ffeec1a4000 	C:\Windows\SYSTEM32\profapi.dll
0x00007ffeea410000 - 0x00007ffeea4af000 	C:\Windows\SYSTEM32\SHCORE.dll
0x00007ffeeeb40000 - 0x00007ffeeeb74000 	C:\Windows\system32\IMM32.DLL
0x00007ffeece20000 - 0x00007ffeecf59000 	C:\Windows\system32\MSCTF.dll
0x00007ffee9720000 - 0x00007ffee997a000 	C:\Windows\WinSxS\amd64_microsoft.windows.common-controls_6595b64144ccf1df_6.0.9600.17031_none_6242a4b3ecbb55a1\COMCTL32.dll
0x000000006ce00000 - 0x000000006ced2000 	D:\Java\jdk1.8.0_40\jre\bin\msvcr100.dll
0x000000006d370000 - 0x000000006dbf3000 	D:\Java\jdk1.8.0_40\jre\bin\server\jvm.dll
0x00007ffee7040000 - 0x00007ffee7049000 	C:\Windows\SYSTEM32\WSOCK32.dll
0x00007ffedec40000 - 0x00007ffedec5f000 	C:\Windows\SYSTEM32\WINMM.dll
0x00007ffee9b50000 - 0x00007ffee9b5a000 	C:\Windows\SYSTEM32\VERSION.dll
0x00007ffeed0e0000 - 0x00007ffeed0e7000 	C:\Windows\system32\PSAPI.DLL
0x00007ffeecdc0000 - 0x00007ffeece18000 	C:\Windows\system32\WS2_32.dll
0x00007ffede270000 - 0x00007ffede29a000 	C:\Windows\SYSTEM32\WINMMBASE.dll
0x00007ffeed0f0000 - 0x00007ffeed0f9000 	C:\Windows\system32\NSI.dll
0x00007ffeec5a0000 - 0x00007ffeec5ea000 	C:\Windows\SYSTEM32\cfgmgr32.dll
0x00007ffeeb020000 - 0x00007ffeeb046000 	C:\Windows\SYSTEM32\DEVOBJ.dll
0x000000006d360000 - 0x000000006d36f000 	D:\Java\jdk1.8.0_40\jre\bin\verify.dll
0x000000006d330000 - 0x000000006d359000 	D:\Java\jdk1.8.0_40\jre\bin\java.dll
0x000000006d310000 - 0x000000006d326000 	D:\Java\jdk1.8.0_40\jre\bin\zip.dll
0x00007ffee0a30000 - 0x00007ffee0bb8000 	C:\Windows\SYSTEM32\dbghelp.dll

VM Arguments:
jvm_args: -Xmx1024M -Dfile.encoding=GBK -Duser.country=CN -Duser.language=zh -Duser.variant 
java_command: com.android.dx.command.Main --dex --num-threads=4 --output C:\Users\langdexuming\AndroidStudioProjects\jadeApp\app\build\intermediates\pre-dexed\debug\classes-769da42ac302d56a63df80c83ffab0cae995aad4.jar C:\Users\langdexuming\AndroidStudioProjects\jadeApp\app\build\intermediates\exploded-aar\com.android.support\support-v4\23.0.1\jars\classes.jar
java_class_path (initial): C:\Users\langdexuming\AppData\Local\Android\sdk\build-tools\23.0.1\lib\dx.jar
Launcher Type: SUN_STANDARD

Environment Variables:
JAVA_HOME=D:\Java\jdk1.8.0_40
CLASSPATH=.;D:\Java\jdk1.8.0_40\lib;D:\Java\jdk1.8.0_40\lib\tools.jar
PATH=C:\ProgramData\Oracle\Java\javapath;D:\Python27\;C:\Windows\system32;C:\Windows;C:\Windows\System32\Wbem;C:\Windows\System32\WindowsPowerShell\v1.0\;C:\Program Files (x86)\ATI Technologies\ATI.ACE\Core-Static;C:\Program Files\Microsoft SQL Server\110\Tools\Binn\;C:\Program Files\MySQL\MySQL Server 5.5\bin;D:\Program Files\TortoiseSVN\bin;D:\Program Files\Git\cmd;%JAVA_HOME%\bin;%JAVA_HOME%\jre\bin;.;D:\Java\jdk1.8.0_40\bin;D:\Java\jdk1.8.0_40\jre\bin;.;
USERNAME=langdexuming
OS=Windows_NT
PROCESSOR_IDENTIFIER=Intel64 Family 6 Model 58 Stepping 9, GenuineIntel



---------------  S Y S T E M  ---------------

OS: Windows 8.1 , 64 bit Build 9600 (6.3.9600.17056)

CPU:total 4 (2 cores per cpu, 2 threads per core) family 6 model 58 stepping 9, cmov, cx8, fxsr, mmx, sse, sse2, sse3, ssse3, sse4.1, sse4.2, popcnt, avx, aes, clmul, erms, ht, tsc, tscinvbit, tscinv

Memory: 4k page, physical 4083992k(155624k free), swap 7229720k(5160k free)

vm_info: Java HotSpot(TM) 64-Bit Server VM (25.40-b25) for windows-amd64 JRE (1.8.0_40-b26), built on Mar  7 2015 13:51:59 by "java_re" with MS VC++ 10.0 (VS2010)

time: Sat Oct 31 21:36:50 2015
elapsed time: 12 seconds (0d 0h 0m 12s)

