#
# There is insufficient memory for the Java Runtime Environment to continue.
# Native memory allocation (malloc) failed to allocate 32744 bytes for ChunkPool::allocate
# Possible reasons:
#   The system is out of physical RAM or swap space
#   In 32 bit mode, the process size limit was hit
# Possible solutions:
#   Reduce memory load on the system
#   Increase physical memory or swap space
#   Check if swap backing store is full
#   Use 64 bit Java on a 64 bit OS
#   Decrease Java heap size (-Xmx/-Xms)
#   Decrease number of Java threads
#   Decrease Java thread stack sizes (-Xss)
#   Set larger code cache with -XX:ReservedCodeCacheSize=
# This output file may be truncated or incomplete.
#
#  Out of Memory Error (allocation.cpp:273), pid=21728, tid=23264
#
# JRE version: Java(TM) SE Runtime Environment (8.0_40-b26) (build 1.8.0_40-b26)
# Java VM: Java HotSpot(TM) 64-Bit Server VM (25.40-b25 mixed mode windows-amd64 compressed oops)
# Failed to write core dump. Minidumps are not enabled by default on client versions of Windows
#

---------------  T H R E A D  ---------------

Current thread (0x0000000016b75800):  JavaThread "C1 CompilerThread2" daemon [_thread_in_native, id=23264, stack(0x0000000017020000,0x0000000017120000)]

Stack: [0x0000000017020000,0x0000000017120000]
Native frames: (J=compiled Java code, j=interpreted, Vv=VM code, C=native code)
V  [jvm.dll+0x32b47a]


Current CompileTask:
C1:   2845  635   !   3       com.android.dx.cf.code.BytecodeArray::
[error occurred during error reporting (printing current compile task), id 0xe0000001]


---------------  P R O C E S S  ---------------

Java Threads: ( => current thread )
  0x0000000016da8000 JavaThread "pool-1-thread-4" [_thread_in_vm, id=21776, stack(0x0000000017720000,0x0000000017820000)]
  0x0000000016da2800 JavaThread "pool-1-thread-3" [_thread_blocked, id=16516, stack(0x0000000017620000,0x0000000017720000)]
  0x0000000016da1800 JavaThread "pool-1-thread-2" [_thread_in_Java, id=22088, stack(0x0000000017520000,0x0000000017620000)]
  0x0000000016d9d000 JavaThread "pool-2-thread-1" [_thread_blocked, id=22184, stack(0x0000000017420000,0x0000000017520000)]
  0x0000000016d96000 JavaThread "pool-1-thread-1" [_thread_in_vm, id=20876, stack(0x0000000017320000,0x0000000017420000)]
  0x0000000016b7d800 JavaThread "Service Thread" daemon [_thread_blocked, id=9900, stack(0x0000000017120000,0x0000000017220000)]
=>0x0000000016b75800 JavaThread "C1 CompilerThread2" daemon [_thread_in_native, id=23264, stack(0x0000000017020000,0x0000000017120000)]
  0x000000001550e800 JavaThread "C2 CompilerThread1" daemon [_thread_in_native, id=18840, stack(0x0000000016f20000,0x0000000017020000)]
  0x00000000154be000 JavaThread "C2 CompilerThread0" daemon [_thread_in_native, id=18832, stack(0x0000000016a20000,0x0000000016b20000)]
  0x00000000154bd000 JavaThread "Attach Listener" daemon [_thread_blocked, id=22860, stack(0x0000000016920000,0x0000000016a20000)]
  0x00000000154bc000 JavaThread "Signal Dispatcher" daemon [_thread_blocked, id=22072, stack(0x0000000016820000,0x0000000016920000)]
  0x0000000002dd6000 JavaThread "Finalizer" daemon [_thread_blocked, id=20872, stack(0x0000000016720000,0x0000000016820000)]
  0x0000000002dcd000 JavaThread "Reference Handler" daemon [_thread_blocked, id=21844, stack(0x0000000016620000,0x0000000016720000)]
  0x0000000002ce0800 JavaThread "main" [_thread_blocked, id=22180, stack(0x0000000002be0000,0x0000000002ce0000)]

Other Threads:
  0x0000000015478000 VMThread [stack: 0x0000000016520000,0x0000000016620000] [id=22044]
  0x0000000016b81000 WatcherThread [stack: 0x0000000017220000,0x0000000017320000] [id=21264]

VM state:not at safepoint (normal execution)

VM Mutex/Monitor currently owned by a thread:  ([mutex/lock_event])
[0x00000000011bda20] MethodData_lock - owner thread: 0x0000000016d96000

Heap:
 PSYoungGen      total 18944K, used 12644K [0x00000000eab00000, 0x00000000ec000000, 0x0000000100000000)
  eden space 16384K, 77% used [0x00000000eab00000,0x00000000eb759380,0x00000000ebb00000)
  from space 2560K, 0% used [0x00000000ebd80000,0x00000000ebd80000,0x00000000ec000000)
  to   space 2560K, 0% used [0x00000000ebb00000,0x00000000ebb00000,0x00000000ebd80000)
 ParOldGen       total 44032K, used 0K [0x00000000c0000000, 0x00000000c2b00000, 0x00000000eab00000)
  object space 44032K, 0% used [0x00000000c0000000,0x00000000c0000000,0x00000000c2b00000)
 Metaspace       used 5450K, capacity 6512K, committed 6784K, reserved 1058816K
  class space    used 581K, capacity 616K, committed 640K, reserved 1048576K

Card table byte_map: [0x00000000121a0000,0x00000000123b0000] byte_map_base: 0x0000000011ba0000

Marking Bits: (ParMarkBitMap*) 0x000000006db74040
 Begin Bits: [0x0000000012910000, 0x0000000013910000)
 End Bits:   [0x0000000013910000, 0x0000000014910000)

Polling page: 0x0000000000fb0000

CodeCache: size=245760Kb used=2360Kb max_used=2371Kb free=243399Kb
 bounds [0x0000000002de0000, 0x0000000003050000, 0x0000000011de0000]
 total_blobs=899 nmethods=628 adapters=184
 compilation: enabled

Compilation events (10 events):
Event: 2.837 Thread 0x0000000016b75800 nmethod 631 0x000000000302e1d0 code [0x000000000302e360, 0x000000000302e808]
Event: 2.837 Thread 0x0000000016b75800  634       3       com.android.dx.cf.code.ByteOps::opInfo (6 bytes)
Event: 2.837 Thread 0x0000000016b75800 nmethod 634 0x000000000302af50 code [0x000000000302b0a0, 0x000000000302b1f0]
Event: 2.837 Thread 0x0000000016b75800  635   !   3       com.android.dx.cf.code.BytecodeArray::parseInstruction (2764 bytes)
Event: 2.839 Thread 0x00000000154be000  636       4       java.lang.Long::bitCount (61 bytes)
Event: 2.839 Thread 0x00000000154be000 nmethod 636 0x0000000003011410 code [0x0000000003011540, 0x00000000030115f8]
Event: 2.840 Thread 0x000000001550e800 nmethod 629 0x000000000302fa50 code [0x000000000302fba0, 0x000000000302ff18]
Event: 2.841 Thread 0x00000000154be000  640       4       com.android.dx.ssa.NormalSsaInsn::accept (25 bytes)
Event: 2.842 Thread 0x00000000154be000 nmethod 640 0x000000000302f650 code [0x000000000302f7a0, 0x000000000302f8a8]
Event: 2.843 Thread 0x000000001550e800  641       4       com.android.dx.util.Bits::clear (21 bytes)

GC Heap History (0 events):
No events

Deoptimization events (2 events):
Event: 2.167 Thread 0x0000000002ce0800 Uncommon trap: reason=unstable_if action=reinterpret pc=0x0000000002f4a594 method=java.lang.String.indexOf(II)I @ 49
Event: 2.819 Thread 0x0000000016da1800 Uncommon trap: reason=unstable_if action=reinterpret pc=0x0000000003001054 method=java.util.HashMap.getNode(ILjava/lang/Object;)Ljava/util/HashMap$Node; @ 129

Internal exceptions (2 events):
Event: 0.525 Thread 0x0000000002ce0800 Exception <a 'java/lang/NoSuchMethodError': Method sun.misc.Unsafe.defineClass(Ljava/lang/String;[BII)Ljava/lang/Class; name or signature does not match> (0x00000000eab12eb8) thrown at [D:\re\workspace\8-2-build-windows-amd64-cygwin\jdk8u40\3098\hotspot\sr’›Î ‡?
Event: 0.525 Thread 0x0000000002ce0800 Exception <a 'java/lang/NoSuchMethodError': Method sun.misc.Unsafe.prefetchRead(Ljava/lang/Object;J)V name or signature does not match> (0x00000000eab13148) thrown at [D:\re\workspace\8-2-build-windows-amd64-cygwin\jdk8u40\3098\hotspot\src\share\vm\prims\j

Events (10 events):
Event: 2.811 loading class com/android/dx/cf/code/Ropper$ExceptionHandlerSetup done
Event: 2.819 loading class java/util/HashMap$Values
Event: 2.819 loading class java/util/HashMap$Values done
Event: 2.819 loading class java/util/HashMap$ValueIterator
Event: 2.819 loading class java/util/HashMap$ValueIterator done
Event: 2.819 Thread 0x0000000016da1800 Uncommon trap: trap_request=0xffffff65 fr.pc=0x0000000003001054
Event: 2.819 Thread 0x0000000016da1800 DEOPT PACKING pc=0x0000000003001054 sp=0x000000001761ec20
Event: 2.819 Thread 0x0000000016da1800 DEOPT UNPACKING pc=0x0000000002e2582a sp=0x000000001761eb98 mode 2
Event: 2.820 Executing VM operation: CollectForMetadataAllocation
Event: 2.821 Executing VM operation: CollectForMetadataAllocation done


Dynamic libraries:
0x00007ff7b34e0000 - 0x00007ff7b3517000 	D:\Java\jdk1.8.0_40\bin\java.exe
0x00007ffeeee20000 - 0x00007ffeeefca000 	C:\Windows\SYSTEM32\ntdll.dll
0x00007ffeeece0000 - 0x00007ffeeee1a000 	C:\Windows\system32\KERNEL32.DLL
0x00007ffeec260000 - 0x00007ffeec36f000 	C:\Windows\system32\KERNELBASE.dll
0x00007ffeeada0000 - 0x00007ffeeae28000 	C:\Windows\system32\apphelp.dll
0x00007ffee22d0000 - 0x00007ffee231f000 	C:\Windows\AppPatch\AppPatch64\AcGenral.DLL
0x00007ffeed100000 - 0x00007ffeed1a7000 	C:\Windows\system32\msvcrt.dll
0x00007ffeebf70000 - 0x00007ffeebf9b000 	C:\Windows\SYSTEM32\SspiCli.dll
0x00007ffeed530000 - 0x00007ffeed581000 	C:\Windows\system32\SHLWAPI.dll
0x00007ffeec6a0000 - 0x00007ffeec811000 	C:\Windows\system32\USER32.dll
0x00007ffeed590000 - 0x00007ffeed708000 	C:\Windows\system32\ole32.dll
0x00007ffeed710000 - 0x00007ffeeeb27000 	C:\Windows\system32\SHELL32.dll
0x00007ffeeb7a0000 - 0x00007ffeeb7be000 	C:\Windows\SYSTEM32\USERENV.dll
0x00007ffeeca30000 - 0x00007ffeecad5000 	C:\Windows\system32\ADVAPI32.dll
0x00007ffee15a0000 - 0x00007ffee15bb000 	C:\Windows\SYSTEM32\MPR.dll
0x00007ffeeeb80000 - 0x00007ffeeecb6000 	C:\Windows\system32\RPCRT4.dll
0x00007ffeed080000 - 0x00007ffeed0d7000 	C:\Windows\SYSTEM32\sechost.dll
0x00007ffeecbe0000 - 0x00007ffeecdb6000 	C:\Windows\SYSTEM32\combase.dll
0x00007ffeec830000 - 0x00007ffeec975000 	C:\Windows\system32\GDI32.dll
0x00007ffeec190000 - 0x00007ffeec1a4000 	C:\Windows\SYSTEM32\profapi.dll
0x00007ffeea410000 - 0x00007ffeea4af000 	C:\Windows\SYSTEM32\SHCORE.dll
0x00007ffeeeb40000 - 0x00007ffeeeb74000 	C:\Windows\system32\IMM32.DLL
0x00007ffeece20000 - 0x00007ffeecf59000 	C:\Windows\system32\MSCTF.dll
0x00007ffee9720000 - 0x00007ffee997a000 	C:\Windows\WinSxS\amd64_microsoft.windows.common-controls_6595b64144ccf1df_6.0.9600.17031_none_6242a4b3ecbb55a1\COMCTL32.dll
0x000000006ce00000 - 0x000000006ced2000 	D:\Java\jdk1.8.0_40\jre\bin\msvcr100.dll
0x000000006d370000 - 0x000000006dbf3000 	D:\Java\jdk1.8.0_40\jre\bin\server\jvm.dll
0x00007ffee7040000 - 0x00007ffee7049000 	C:\Windows\SYSTEM32\WSOCK32.dll
0x00007ffedec40000 - 0x00007ffedec5f000 	C:\Windows\SYSTEM32\WINMM.dll
0x00007ffee9b50000 - 0x00007ffee9b5a000 	C:\Windows\SYSTEM32\VERSION.dll
0x00007ffeed0e0000 - 0x00007ffeed0e7000 	C:\Windows\system32\PSAPI.DLL
0x00007ffeecdc0000 - 0x00007ffeece18000 	C:\Windows\system32\WS2_32.dll
0x00007ffede270000 - 0x00007ffede29a000 	C:\Windows\SYSTEM32\WINMMBASE.dll
0x00007ffeed0f0000 - 0x00007ffeed0f9000 	C:\Windows\system32\NSI.dll
0x00007ffeec5a0000 - 0x00007ffeec5ea000 	C:\Windows\SYSTEM32\cfgmgr32.dll
0x00007ffeeb020000 - 0x00007ffeeb046000 	C:\Windows\SYSTEM32\DEVOBJ.dll
0x000000006d360000 - 0x000000006d36f000 	D:\Java\jdk1.8.0_40\jre\bin\verify.dll
0x000000006d330000 - 0x000000006d359000 	D:\Java\jdk1.8.0_40\jre\bin\java.dll
0x000000006d310000 - 0x000000006d326000 	D:\Java\jdk1.8.0_40\jre\bin\zip.dll

VM Arguments:
jvm_args: -Xmx1024M -Dfile.encoding=GBK -Duser.country=CN -Duser.language=zh -Duser.variant 
java_command: com.android.dx.command.Main --dex --num-threads=4 --output C:\Users\langdexuming\AndroidStudioProjects\jadeApp\app\build\intermediates\pre-dexed\debug\internal_impl-23.0.1-f28052311c854b154ab6f1e6b2e345ebb609fc4f.jar C:\Users\langdexuming\AndroidStudioProjects\jadeApp\app\build\intermediates\exploded-aar\com.android.support\support-v4\23.0.1\jars\libs\internal_impl-23.0.1.jar
java_class_path (initial): C:\Users\langdexuming\AppData\Local\Android\sdk\build-tools\23.0.1\lib\dx.jar
Launcher Type: SUN_STANDARD

Environment Variables:
JAVA_HOME=D:\Java\jdk1.8.0_40
CLASSPATH=.;D:\Java\jdk1.8.0_40\lib;D:\Java\jdk1.8.0_40\lib\tools.jar
PATH=C:\ProgramData\Oracle\Java\javapath;D:\Python27\;C:\Windows\system32;C:\Windows;C:\Windows\System32\Wbem;C:\Windows\System32\WindowsPowerShell\v1.0\;C:\Program Files (x86)\ATI Technologies\ATI.ACE\Core-Static;C:\Program Files\Microsoft SQL Server\110\Tools\Binn\;C:\Program Files\MySQL\MySQL Server 5.5\bin;D:\Program Files\TortoiseSVN\bin;D:\Program Files\Git\cmd;%JAVA_HOME%\bin;%JAVA_HOME%\jre\bin;.;D:\Java\jdk1.8.0_40\bin;D:\Java\jdk1.8.0_40\jre\bin;.;
USERNAME=langdexuming
OS=Windows_NT
PROCESSOR_IDENTIFIER=Intel64 Family 6 Model 58 Stepping 9, GenuineIntel



---------------  S Y S T E M  ---------------

OS: Windows 8.1 , 64 bit Build 9600 (6.3.9600.17056)

CPU:total 4 (2 cores per cpu, 2 threads per core) family 6 model 58 stepping 9, cmov, cx8, fxsr, mmx, sse, sse2, sse3, ssse3, sse4.1, sse4.2, popcnt, avx, aes, clmul, erms, ht, tsc, tscinvbit, tscinv

Memory: 4k page, physical 4083992k(123300k free), swap 7229720k(4612k free)

vm_info: Java HotSpot(TM) 64-Bit Server VM (25.40-b25) for windows-amd64 JRE (1.8.0_40-b26), built on Mar  7 2015 13:51:59 by "java_re" with MS VC++ 10.0 (VS2010)

time: Sat Oct 31 14:38:57 2015
elapsed time: 2 seconds (0d 0h 0m 2s)

