#
# There is insufficient memory for the Java Runtime Environment to continue.
# Native memory allocation (malloc) failed to allocate 1068256 bytes for Chunk::new
# Possible reasons:
#   The system is out of physical RAM or swap space
#   In 32 bit mode, the process size limit was hit
# Possible solutions:
#   Reduce memory load on the system
#   Increase physical memory or swap space
#   Check if swap backing store is full
#   Use 64 bit Java on a 64 bit OS
#   Decrease Java heap size (-Xmx/-Xms)
#   Decrease number of Java threads
#   Decrease Java thread stack sizes (-Xss)
#   Set larger code cache with -XX:ReservedCodeCacheSize=
# This output file may be truncated or incomplete.
#
#  Out of Memory Error (allocation.cpp:390), pid=26516, tid=18628
#
# JRE version: Java(TM) SE Runtime Environment (8.0_40-b26) (build 1.8.0_40-b26)
# Java VM: Java HotSpot(TM) 64-Bit Server VM (25.40-b25 mixed mode windows-amd64 compressed oops)
# Failed to write core dump. Minidumps are not enabled by default on client versions of Windows
#

---------------  T H R E A D  ---------------

Current thread (0x00000000157c8800):  JavaThread "C2 CompilerThread0" daemon [_thread_in_native, id=18628, stack(0x0000000016cc0000,0x0000000016dc0000)]

Stack: [0x0000000016cc0000,0x0000000016dc0000]
Native frames: (J=compiled Java code, j=interpreted, Vv=VM code, C=native code)
V  [jvm.dll+0x32b47a]
V  [jvm.dll+0x2797f3]
V  [jvm.dll+0x27a489]
V  [jvm.dll+0x2717a5]
V  [jvm.dll+0xcb9a2]
V  [jvm.dll+0xcbe6c]
V  [jvm.dll+0x476ea2]
V  [jvm.dll+0x4b950f]
V  [jvm.dll+0x46bf81]
V  [jvm.dll+0x46ccbe]
V  [jvm.dll+0x4500d2]
V  [jvm.dll+0xa4312]
V  [jvm.dll+0xa4c4f]
V  [jvm.dll+0x241914]
V  [jvm.dll+0x29848a]
C  [msvcr100.dll+0x21d9f]
C  [msvcr100.dll+0x21e3b]
C  [KERNEL32.DLL+0x16ad]
C  [ntdll.dll+0x74629]


Current CompileTask:
C2:   1592 1884       4       com.android.dex.EncodedValueReader::skipValue (348 bytes)


---------------  P R O C E S S  ---------------

Java Threads: ( => current thread )
  0x0000000016e45800 JavaThread "Service Thread" daemon [_thread_blocked, id=26092, stack(0x00000000173c0000,0x00000000174c0000)]
  0x00000000157ce800 JavaThread "C1 CompilerThread2" daemon [_thread_blocked, id=10140, stack(0x00000000172c0000,0x00000000173c0000)]
  0x0000000016dc8800 JavaThread "C2 CompilerThread1" daemon [_thread_in_native, id=14808, stack(0x00000000171c0000,0x00000000172c0000)]
=>0x00000000157c8800 JavaThread "C2 CompilerThread0" daemon [_thread_in_native, id=18628, stack(0x0000000016cc0000,0x0000000016dc0000)]
  0x000000001577d000 JavaThread "Attach Listener" daemon [_thread_blocked, id=21464, stack(0x0000000016bc0000,0x0000000016cc0000)]
  0x000000001577c000 JavaThread "Signal Dispatcher" daemon [_thread_blocked, id=24636, stack(0x0000000016ac0000,0x0000000016bc0000)]
  0x0000000003096800 JavaThread "Finalizer" daemon [_thread_blocked, id=23768, stack(0x00000000169c0000,0x0000000016ac0000)]
  0x000000000308d000 JavaThread "Reference Handler" daemon [_thread_blocked, id=15640, stack(0x00000000168c0000,0x00000000169c0000)]
  0x0000000002fa0800 JavaThread "main" [_thread_in_Java, id=26708, stack(0x0000000002ea0000,0x0000000002fa0000)]

Other Threads:
  0x0000000015738000 VMThread [stack: 0x00000000167c0000,0x00000000168c0000] [id=10516]
  0x0000000016e68800 WatcherThread [stack: 0x00000000174c0000,0x00000000175c0000] [id=10872]

VM state:not at safepoint (normal execution)

VM Mutex/Monitor currently owned by a thread: None

Heap:
 PSYoungGen      total 35328K, used 22439K [0x00000000eab00000, 0x00000000ed000000, 0x0000000100000000)
  eden space 32768K, 60% used [0x00000000eab00000,0x00000000ebe6d8c0,0x00000000ecb00000)
  from space 2560K, 99% used [0x00000000ecb00000,0x00000000ecd7c340,0x00000000ecd80000)
  to   space 2560K, 0% used [0x00000000ecd80000,0x00000000ecd80000,0x00000000ed000000)
 ParOldGen       total 44032K, used 10583K [0x00000000c0000000, 0x00000000c2b00000, 0x00000000eab00000)
  object space 44032K, 24% used [0x00000000c0000000,0x00000000c0a55e38,0x00000000c2b00000)
 Metaspace       used 7585K, capacity 7842K, committed 8064K, reserved 1056768K
  class space    used 772K, capacity 786K, committed 896K, reserved 1048576K

Card table byte_map: [0x0000000012460000,0x0000000012670000] byte_map_base: 0x0000000011e60000

Marking Bits: (ParMarkBitMap*) 0x000000006db74040
 Begin Bits: [0x0000000012bd0000, 0x0000000013bd0000)
 End Bits:   [0x0000000013bd0000, 0x0000000014bd0000)

Polling page: 0x0000000001090000

CodeCache: size=245760Kb used=6244Kb max_used=6244Kb free=239515Kb
 bounds [0x00000000030a0000, 0x00000000036d0000, 0x00000000120a0000]
 total_blobs=2211 nmethods=1915 adapters=208
 compilation: enabled

Compilation events (10 events):
Event: 1.544 Thread 0x00000000157ce800 1925       2       sun.security.provider.DigestBase::engineUpdate (189 bytes)
Event: 1.545 Thread 0x00000000157ce800 nmethod 1925 0x00000000036bc5d0 code [0x00000000036bc7a0, 0x00000000036bcdb8]
Event: 1.546 Thread 0x00000000157ce800 1926       2       java.security.MessageDigest::update (45 bytes)
Event: 1.546 Thread 0x00000000157ce800 nmethod 1926 0x00000000036bd050 code [0x00000000036bd1e0, 0x00000000036bd4c8]
Event: 1.546 Thread 0x00000000157ce800 1927       2       java.security.MessageDigest$Delegate::engineUpdate (11 bytes)
Event: 1.546 Thread 0x00000000157ce800 nmethod 1927 0x00000000036bd650 code [0x00000000036bd7c0, 0x00000000036bd948]
Event: 1.547 Thread 0x00000000157ce800 1928 %     3       sun.security.provider.DigestBase::implCompressMultiBlock @ 0 (23 bytes)
Event: 1.547 Thread 0x00000000157ce800 nmethod 1928% 0x00000000036bd9d0 code [0x00000000036bdb40, 0x00000000036bde88]
Event: 1.554 Thread 0x00000000157ce800 1929       3       sun.security.provider.DigestBase::engineUpdate (189 bytes)
Event: 1.555 Thread 0x00000000157ce800 nmethod 1929 0x00000000036bdf90 code [0x00000000036be1a0, 0x00000000036bedb8]

GC Heap History (6 events):
Event: 0.592 GC heap before
{Heap before GC invocations=1 (full 0):
 PSYoungGen      total 18944K, used 16384K [0x00000000eab00000, 0x00000000ec000000, 0x0000000100000000)
  eden space 16384K, 100% used [0x00000000eab00000,0x00000000ebb00000,0x00000000ebb00000)
  from space 2560K, 0% used [0x00000000ebd80000,0x00000000ebd80000,0x00000000ec000000)
  to   space 2560K, 0% used [0x00000000ebb00000,0x00000000ebb00000,0x00000000ebd80000)
 ParOldGen       total 44032K, used 0K [0x00000000c0000000, 0x00000000c2b00000, 0x00000000eab00000)
  object space 44032K, 0% used [0x00000000c0000000,0x00000000c0000000,0x00000000c2b00000)
 Metaspace       used 5607K, capacity 6768K, committed 7040K, reserved 1056768K
  class space    used 575K, capacity 616K, committed 640K, reserved 1048576K
Event: 0.604 GC heap after
Heap after GC invocations=1 (full 0):
 PSYoungGen      total 18944K, used 2538K [0x00000000eab00000, 0x00000000ed000000, 0x0000000100000000)
  eden space 16384K, 0% used [0x00000000eab00000,0x00000000eab00000,0x00000000ebb00000)
  from space 2560K, 99% used [0x00000000ebb00000,0x00000000ebd7aae0,0x00000000ebd80000)
  to   space 2560K, 0% used [0x00000000ecd80000,0x00000000ecd80000,0x00000000ed000000)
 ParOldGen       total 44032K, used 1893K [0x00000000c0000000, 0x00000000c2b00000, 0x00000000eab00000)
  object space 44032K, 4% used [0x00000000c0000000,0x00000000c01d9408,0x00000000c2b00000)
 Metaspace       used 5607K, capacity 6768K, committed 7040K, reserved 1056768K
  class space    used 575K, capacity 616K, committed 640K, reserved 1048576K
}
Event: 1.122 GC heap before
{Heap before GC invocations=2 (full 0):
 PSYoungGen      total 18944K, used 18922K [0x00000000eab00000, 0x00000000ed000000, 0x0000000100000000)
  eden space 16384K, 100% used [0x00000000eab00000,0x00000000ebb00000,0x00000000ebb00000)
  from space 2560K, 99% used [0x00000000ebb00000,0x00000000ebd7aae0,0x00000000ebd80000)
  to   space 2560K, 0% used [0x00000000ecd80000,0x00000000ecd80000,0x00000000ed000000)
 ParOldGen       total 44032K, used 1893K [0x00000000c0000000, 0x00000000c2b00000, 0x00000000eab00000)
  object space 44032K, 4% used [0x00000000c0000000,0x00000000c01d9408,0x00000000c2b00000)
 Metaspace       used 7446K, capacity 7778K, committed 8064K, reserved 1056768K
  class space    used 772K, capacity 786K, committed 896K, reserved 1048576K
Event: 1.135 GC heap after
Heap after GC invocations=2 (full 0):
 PSYoungGen      total 35328K, used 2544K [0x00000000eab00000, 0x00000000ed000000, 0x0000000100000000)
  eden space 32768K, 0% used [0x00000000eab00000,0x00000000eab00000,0x00000000ecb00000)
  from space 2560K, 99% used [0x00000000ecd80000,0x00000000ecffc340,0x00000000ed000000)
  to   space 2560K, 0% used [0x00000000ecb00000,0x00000000ecb00000,0x00000000ecd80000)
 ParOldGen       total 44032K, used 5980K [0x00000000c0000000, 0x00000000c2b00000, 0x00000000eab00000)
  object space 44032K, 13% used [0x00000000c0000000,0x00000000c05d7168,0x00000000c2b00000)
 Metaspace       used 7446K, capacity 7778K, committed 8064K, reserved 1056768K
  class space    used 772K, capacity 786K, committed 896K, reserved 1048576K
}
Event: 1.489 GC heap before
{Heap before GC invocations=3 (full 0):
 PSYoungGen      total 35328K, used 35312K [0x00000000eab00000, 0x00000000ed000000, 0x0000000100000000)
  eden space 32768K, 100% used [0x00000000eab00000,0x00000000ecb00000,0x00000000ecb00000)
  from space 2560K, 99% used [0x00000000ecd80000,0x00000000ecffc340,0x00000000ed000000)
  to   space 2560K, 0% used [0x00000000ecb00000,0x00000000ecb00000,0x00000000ecd80000)
 ParOldGen       total 44032K, used 5980K [0x00000000c0000000, 0x00000000c2b00000, 0x00000000eab00000)
  object space 44032K, 13% used [0x00000000c0000000,0x00000000c05d7168,0x00000000c2b00000)
 Metaspace       used 7575K, capacity 7842K, committed 8064K, reserved 1056768K
  class space    used 772K, capacity 786K, committed 896K, reserved 1048576K
Event: 1.497 GC heap after
Heap after GC invocations=3 (full 0):
 PSYoungGen      total 35328K, used 2544K [0x00000000eab00000, 0x00000000ed000000, 0x0000000100000000)
  eden space 32768K, 0% used [0x00000000eab00000,0x00000000eab00000,0x00000000ecb00000)
  from space 2560K, 99% used [0x00000000ecb00000,0x00000000ecd7c340,0x00000000ecd80000)
  to   space 2560K, 0% used [0x00000000ecd80000,0x00000000ecd80000,0x00000000ed000000)
 ParOldGen       total 44032K, used 10583K [0x00000000c0000000, 0x00000000c2b00000, 0x00000000eab00000)
  object space 44032K, 24% used [0x00000000c0000000,0x00000000c0a55e38,0x00000000c2b00000)
 Metaspace       used 7575K, capacity 7842K, committed 8064K, reserved 1056768K
  class space    used 772K, capacity 786K, committed 896K, reserved 1048576K
}

Deoptimization events (10 events):
Event: 0.949 Thread 0x0000000002fa0800 Uncommon trap: reason=class_check action=maybe_recompile pc=0x000000000350da64 method=com.android.dex.Leb128.writeUnsignedLeb128(Lcom/android/dex/util/ByteOutput;I)V @ 40
Event: 0.949 Thread 0x0000000002fa0800 Uncommon trap: reason=class_check action=maybe_recompile pc=0x000000000350da64 method=com.android.dex.Leb128.writeUnsignedLeb128(Lcom/android/dex/util/ByteOutput;I)V @ 40
Event: 0.997 Thread 0x0000000002fa0800 Uncommon trap: reason=unstable_if action=reinterpret pc=0x0000000003517a60 method=java.util.HashMap.putVal(ILjava/lang/Object;Ljava/lang/Object;ZZ)Ljava/lang/Object; @ 162
Event: 0.997 Thread 0x0000000002fa0800 Uncommon trap: reason=unstable_if action=reinterpret pc=0x0000000003518b8c method=java.util.HashMap.putVal(ILjava/lang/Object;Ljava/lang/Object;ZZ)Ljava/lang/Object; @ 162
Event: 1.013 Thread 0x0000000002fa0800 Uncommon trap: reason=predicate action=maybe_recompile pc=0x0000000003548a90 method=com.android.dex.Leb128.writeUnsignedLeb128(Lcom/android/dex/util/ByteOutput;I)V @ 9
Event: 1.081 Thread 0x0000000002fa0800 Uncommon trap: reason=unstable_if action=reinterpret pc=0x00000000035376b4 method=sun.misc.URLClassPath.getLoader(I)Lsun/misc/URLClassPath$Loader; @ 36
Event: 1.081 Thread 0x0000000002fa0800 Uncommon trap: reason=unstable_if action=reinterpret pc=0x000000000352efd8 method=sun.misc.URLClassPath.getLoader(I)Lsun/misc/URLClassPath$Loader; @ 36
Event: 1.081 Thread 0x0000000002fa0800 Uncommon trap: reason=unstable_if action=reinterpret pc=0x00000000032855c4 method=sun.misc.MetaIndex.mayContain(Ljava/lang/String;)Z @ 13
Event: 1.145 Thread 0x0000000002fa0800 Uncommon trap: reason=predicate action=maybe_recompile pc=0x00000000035a00a4 method=com.android.dex.Leb128.readUnsignedLeb128(Lcom/android/dex/util/ByteInput;)I @ 41
Event: 1.158 Thread 0x0000000002fa0800 Uncommon trap: reason=unstable_if action=reinterpret pc=0x0000000003485644 method=java.util.HashMap.getNode(ILjava/lang/Object;)Ljava/util/HashMap$Node; @ 84

Internal exceptions (6 events):
Event: 0.036 Thread 0x0000000002fa0800 Exception <a 'java/lang/NoSuchMethodError': Method sun.misc.Unsafe.defineClass(Ljava/lang/String;[BII)Ljava/lang/Class; name or signature does not match> (0x00000000eab12c10) thrown at [D:\re\workspace\8-2-build-windows-amd64-cygwin\jdk8u40\3098\hotspot\srj√êàQC¢?
Event: 0.036 Thread 0x0000000002fa0800 Exception <a 'java/lang/NoSuchMethodError': Method sun.misc.Unsafe.prefetchRead(Ljava/lang/Object;J)V name or signature does not match> (0x00000000eab12ea0) thrown at [D:\re\workspace\8-2-build-windows-amd64-cygwin\jdk8u40\3098\hotspot\src\share\vm\prims\jò?¥‹óNÒ?
Event: 1.082 Thread 0x0000000002fa0800 Exception <a 'java/security/PrivilegedActionException'> (0x00000000eb911ba8) thrown at [D:\re\workspace\8-2-build-windows-amd64-cygwin\jdk8u40\3098\hotspot\src\share\vm\prims\jvm.cpp, line 1382]
Event: 1.082 Thread 0x0000000002fa0800 Exception <a 'java/security/PrivilegedActionException'> (0x00000000eb911ef0) thrown at [D:\re\workspace\8-2-build-windows-amd64-cygwin\jdk8u40\3098\hotspot\src\share\vm\prims\jvm.cpp, line 1382]
Event: 1.082 Thread 0x0000000002fa0800 Exception <a 'java/security/PrivilegedActionException'> (0x00000000eb914818) thrown at [D:\re\workspace\8-2-build-windows-amd64-cygwin\jdk8u40\3098\hotspot\src\share\vm\prims\jvm.cpp, line 1382]
Event: 1.082 Thread 0x0000000002fa0800 Exception <a 'java/security/PrivilegedActionException'> (0x00000000eb914b60) thrown at [D:\re\workspace\8-2-build-windows-amd64-cygwin\jdk8u40\3098\hotspot\src\share\vm\prims\jvm.cpp, line 1382]

Events (10 events):
Event: 1.385 Thread 0x0000000002fa0800 DEOPT PACKING pc=0x00000000035136fe sp=0x0000000002f9eb50
Event: 1.385 Thread 0x0000000002fa0800 DEOPT UNPACKING pc=0x00000000030e787f sp=0x0000000002f9e850 mode 0
Event: 1.386 Thread 0x0000000002fa0800 DEOPT PACKING pc=0x00000000035136fe sp=0x0000000002f9eb50
Event: 1.386 Thread 0x0000000002fa0800 DEOPT UNPACKING pc=0x00000000030e787f sp=0x0000000002f9e850 mode 0
Event: 1.386 Thread 0x0000000002fa0800 DEOPT PACKING pc=0x00000000035136fe sp=0x0000000002f9eb50
Event: 1.386 Thread 0x0000000002fa0800 DEOPT UNPACKING pc=0x00000000030e787f sp=0x0000000002f9e850 mode 0
Event: 1.489 Executing VM operation: ParallelGCFailedAllocation
Event: 1.497 Executing VM operation: ParallelGCFailedAllocation done
Event: 1.554 Thread 0x0000000002fa0800 DEOPT PACKING pc=0x00000000036bcc3b sp=0x0000000002f9ec00
Event: 1.554 Thread 0x0000000002fa0800 DEOPT UNPACKING pc=0x00000000030e787f sp=0x0000000002f9e908 mode 0


Dynamic libraries:
0x00007ff7b34e0000 - 0x00007ff7b3517000 	D:\Java\jdk1.8.0_40\bin\java.exe
0x00007ffeeee20000 - 0x00007ffeeefca000 	C:\Windows\SYSTEM32\ntdll.dll
0x00007ffeeece0000 - 0x00007ffeeee1a000 	C:\Windows\system32\KERNEL32.DLL
0x00007ffeec260000 - 0x00007ffeec36f000 	C:\Windows\system32\KERNELBASE.dll
0x00007ffeeada0000 - 0x00007ffeeae28000 	C:\Windows\system32\apphelp.dll
0x00007ffee2880000 - 0x00007ffee28cf000 	C:\Windows\AppPatch\AppPatch64\AcGenral.DLL
0x00007ffeed100000 - 0x00007ffeed1a7000 	C:\Windows\system32\msvcrt.dll
0x00007ffeebf70000 - 0x00007ffeebf9b000 	C:\Windows\SYSTEM32\SspiCli.dll
0x00007ffeed530000 - 0x00007ffeed581000 	C:\Windows\system32\SHLWAPI.dll
0x00007ffeec6a0000 - 0x00007ffeec811000 	C:\Windows\system32\USER32.dll
0x00007ffeed590000 - 0x00007ffeed708000 	C:\Windows\system32\ole32.dll
0x00007ffeed710000 - 0x00007ffeeeb27000 	C:\Windows\system32\SHELL32.dll
0x00007ffeeb7a0000 - 0x00007ffeeb7be000 	C:\Windows\SYSTEM32\USERENV.dll
0x00007ffeeca30000 - 0x00007ffeecad5000 	C:\Windows\system32\ADVAPI32.dll
0x00007ffee15a0000 - 0x00007ffee15bb000 	C:\Windows\SYSTEM32\MPR.dll
0x00007ffeeeb80000 - 0x00007ffeeecb6000 	C:\Windows\system32\RPCRT4.dll
0x00007ffeed080000 - 0x00007ffeed0d7000 	C:\Windows\SYSTEM32\sechost.dll
0x00007ffeecbe0000 - 0x00007ffeecdb6000 	C:\Windows\SYSTEM32\combase.dll
0x00007ffeec830000 - 0x00007ffeec975000 	C:\Windows\system32\GDI32.dll
0x00007ffeec190000 - 0x00007ffeec1a4000 	C:\Windows\SYSTEM32\profapi.dll
0x00007ffeea410000 - 0x00007ffeea4af000 	C:\Windows\SYSTEM32\SHCORE.dll
0x00007ffeeeb40000 - 0x00007ffeeeb74000 	C:\Windows\system32\IMM32.DLL
0x00007ffeece20000 - 0x00007ffeecf59000 	C:\Windows\system32\MSCTF.dll
0x00007ffee9720000 - 0x00007ffee997a000 	C:\Windows\WinSxS\amd64_microsoft.windows.common-controls_6595b64144ccf1df_6.0.9600.17031_none_6242a4b3ecbb55a1\COMCTL32.dll
0x000000006ce00000 - 0x000000006ced2000 	D:\Java\jdk1.8.0_40\jre\bin\msvcr100.dll
0x000000006d370000 - 0x000000006dbf3000 	D:\Java\jdk1.8.0_40\jre\bin\server\jvm.dll
0x00007ffee7040000 - 0x00007ffee7049000 	C:\Windows\SYSTEM32\WSOCK32.dll
0x00007ffedec40000 - 0x00007ffedec5f000 	C:\Windows\SYSTEM32\WINMM.dll
0x00007ffee9b50000 - 0x00007ffee9b5a000 	C:\Windows\SYSTEM32\VERSION.dll
0x00007ffeed0e0000 - 0x00007ffeed0e7000 	C:\Windows\system32\PSAPI.DLL
0x00007ffeecdc0000 - 0x00007ffeece18000 	C:\Windows\system32\WS2_32.dll
0x00007ffede270000 - 0x00007ffede29a000 	C:\Windows\SYSTEM32\WINMMBASE.dll
0x00007ffeed0f0000 - 0x00007ffeed0f9000 	C:\Windows\system32\NSI.dll
0x00007ffeec5a0000 - 0x00007ffeec5ea000 	C:\Windows\SYSTEM32\cfgmgr32.dll
0x00007ffeeb020000 - 0x00007ffeeb046000 	C:\Windows\SYSTEM32\DEVOBJ.dll
0x000000006d360000 - 0x000000006d36f000 	D:\Java\jdk1.8.0_40\jre\bin\verify.dll
0x000000006d330000 - 0x000000006d359000 	D:\Java\jdk1.8.0_40\jre\bin\java.dll
0x000000006d310000 - 0x000000006d326000 	D:\Java\jdk1.8.0_40\jre\bin\zip.dll
0x00007ffee0a30000 - 0x00007ffee0bb8000 	C:\Windows\SYSTEM32\dbghelp.dll

VM Arguments:
jvm_args: -Xmx1024M -Dfile.encoding=GBK -Duser.country=CN -Duser.language=zh -Duser.variant 
java_command: com.android.dx.command.Main --dex --num-threads=4 --output C:\Users\langdexuming\AndroidStudioProjects\jadeApp\app\build\intermediates\dex\debug C:\Users\langdexuming\AndroidStudioProjects\jadeApp\app\build\intermediates\classes\debug C:\Users\langdexuming\AndroidStudioProjects\jadeApp\app\build\intermediates\pre-dexed\debug\support-annotations-23.0.1-32b2c9d6ce0bc7ecb7a196d9b81e324ead5a4dd4.jar C:\Users\langdexuming\AndroidStudioProjects\jadeApp\app\build\intermediates\pre-dexed\debug\internal_impl-23.0.1-f28052311c854b154ab6f1e6b2e345ebb609fc4f.jar C:\Users\langdexuming\AndroidStudioProjects\jadeApp\app\build\intermediates\pre-dexed\debug\classes-c8f1d9bcab17fbb1fd495f35e162ef12c87fd6f8.jar C:\Users\langdexuming\AndroidStudioProjects\jadeApp\app\build\intermediates\pre-dexed\debug\classes-769da42ac302d56a63df80c83ffab0cae995aad4.jar
java_class_path (initial): C:\Users\langdexuming\AppData\Local\Android\sdk\build-tools\23.0.1\lib\dx.jar
Launcher Type: SUN_STANDARD

Environment Variables:
JAVA_HOME=D:\Java\jdk1.8.0_40
CLASSPATH=.;D:\Java\jdk1.8.0_40\lib;D:\Java\jdk1.8.0_40\lib\tools.jar
PATH=C:\ProgramData\Oracle\Java\javapath;D:\Python27\;C:\Windows\system32;C:\Windows;C:\Windows\System32\Wbem;C:\Windows\System32\WindowsPowerShell\v1.0\;C:\Program Files (x86)\ATI Technologies\ATI.ACE\Core-Static;C:\Program Files\Microsoft SQL Server\110\Tools\Binn\;C:\Program Files\MySQL\MySQL Server 5.5\bin;D:\Program Files\TortoiseSVN\bin;D:\Program Files\Git\cmd;%JAVA_HOME%\bin;%JAVA_HOME%\jre\bin;.;D:\Java\jdk1.8.0_40\bin;D:\Java\jdk1.8.0_40\jre\bin;.;
USERNAME=langdexuming
OS=Windows_NT
PROCESSOR_IDENTIFIER=Intel64 Family 6 Model 58 Stepping 9, GenuineIntel



---------------  S Y S T E M  ---------------

OS: Windows 8.1 , 64 bit Build 9600 (6.3.9600.17056)

CPU:total 4 (2 cores per cpu, 2 threads per core) family 6 model 58 stepping 9, cmov, cx8, fxsr, mmx, sse, sse2, sse3, ssse3, sse4.1, sse4.2, popcnt, avx, aes, clmul, erms, ht, tsc, tscinvbit, tscinv

Memory: 4k page, physical 4083992k(266588k free), swap 7229720k(5716k free)

vm_info: Java HotSpot(TM) 64-Bit Server VM (25.40-b25) for windows-amd64 JRE (1.8.0_40-b26), built on Mar  7 2015 13:51:59 by "java_re" with MS VC++ 10.0 (VS2010)

time: Sat Oct 31 19:45:09 2015
elapsed time: 1 seconds (0d 0h 0m 1s)

