#
# There is insufficient memory for the Java Runtime Environment to continue.
# Native memory allocation (malloc) failed to allocate 942656 bytes for Chunk::new
# Possible reasons:
#   The system is out of physical RAM or swap space
#   In 32 bit mode, the process size limit was hit
# Possible solutions:
#   Reduce memory load on the system
#   Increase physical memory or swap space
#   Check if swap backing store is full
#   Use 64 bit Java on a 64 bit OS
#   Decrease Java heap size (-Xmx/-Xms)
#   Decrease number of Java threads
#   Decrease Java thread stack sizes (-Xss)
#   Set larger code cache with -XX:ReservedCodeCacheSize=
# This output file may be truncated or incomplete.
#
#  Out of Memory Error (allocation.cpp:390), pid=7344, tid=10040
#
# JRE version: Java(TM) SE Runtime Environment (8.0_40-b26) (build 1.8.0_40-b26)
# Java VM: Java HotSpot(TM) 64-Bit Server VM (25.40-b25 mixed mode windows-amd64 compressed oops)
# Failed to write core dump. Minidumps are not enabled by default on client versions of Windows
#

---------------  T H R E A D  ---------------

Current thread (0x0000000014d98800):  JavaThread "C2 CompilerThread0" daemon [_thread_in_native, id=10040, stack(0x00000000162a0000,0x00000000163a0000)]

Stack: [0x00000000162a0000,0x00000000163a0000]
Native frames: (J=compiled Java code, j=interpreted, Vv=VM code, C=native code)
V  [jvm.dll+0x32b47a]
V  [jvm.dll+0x2797f3]
V  [jvm.dll+0x27a489]
V  [jvm.dll+0x2717a5]
V  [jvm.dll+0xcb9a2]
V  [jvm.dll+0xcbe6c]
V  [jvm.dll+0x476ea2]
V  [jvm.dll+0x4b950f]
V  [jvm.dll+0x46bf81]
V  [jvm.dll+0x46ccbe]
V  [jvm.dll+0x4500d2]
V  [jvm.dll+0xa4312]
V  [jvm.dll+0xa4c4f]
V  [jvm.dll+0x241914]
V  [jvm.dll+0x29848a]
C  [msvcr100.dll+0x21d9f]
C  [msvcr100.dll+0x21e3b]
C  [KERNEL32.DLL+0x16ad]
C  [ntdll.dll+0x74629]


Current CompileTask:
C2:   1773 1785       4       com.android.dx.merge.IndexMap$EncodedValueTransformer::transform (495 bytes)


---------------  P R O C E S S  ---------------

Java Threads: ( => current thread )
  0x0000000016429800 JavaThread "Service Thread" daemon [_thread_blocked, id=10104, stack(0x00000000169a0000,0x0000000016aa0000)]
  0x00000000163ab800 JavaThread "C1 CompilerThread2" daemon [_thread_blocked, id=8856, stack(0x00000000168a0000,0x00000000169a0000)]
  0x00000000163a8800 JavaThread "C2 CompilerThread1" daemon [_thread_in_native, id=10288, stack(0x00000000167a0000,0x00000000168a0000)]
=>0x0000000014d98800 JavaThread "C2 CompilerThread0" daemon [_thread_in_native, id=10040, stack(0x00000000162a0000,0x00000000163a0000)]
  0x0000000014d4d000 JavaThread "Attach Listener" daemon [_thread_blocked, id=11528, stack(0x00000000161a0000,0x00000000162a0000)]
  0x0000000014d4c000 JavaThread "Signal Dispatcher" daemon [_thread_blocked, id=10436, stack(0x00000000160a0000,0x00000000161a0000)]
  0x0000000014d09000 JavaThread "Finalizer" daemon [_thread_blocked, id=9828, stack(0x0000000015fa0000,0x00000000160a0000)]
  0x000000000265e800 JavaThread "Reference Handler" daemon [_thread_blocked, id=8008, stack(0x0000000015ea0000,0x0000000015fa0000)]
  0x0000000002570800 JavaThread "main" [_thread_in_Java, id=8884, stack(0x0000000002100000,0x0000000002200000)]

Other Threads:
  0x0000000014d07000 VMThread [stack: 0x0000000015da0000,0x0000000015ea0000] [id=11808]
  0x000000001642d800 WatcherThread [stack: 0x0000000016aa0000,0x0000000016ba0000] [id=6016]

VM state:not at safepoint (normal execution)

VM Mutex/Monitor currently owned by a thread: None

Heap:
 PSYoungGen      total 35328K, used 17805K [0x00000000eab00000, 0x00000000ed000000, 0x0000000100000000)
  eden space 32768K, 46% used [0x00000000eab00000,0x00000000eb9e5890,0x00000000ecb00000)
  from space 2560K, 99% used [0x00000000ecb00000,0x00000000ecd7dcc0,0x00000000ecd80000)
  to   space 2560K, 0% used [0x00000000ecd80000,0x00000000ecd80000,0x00000000ed000000)
 ParOldGen       total 44032K, used 18833K [0x00000000c0000000, 0x00000000c2b00000, 0x00000000eab00000)
  object space 44032K, 42% used [0x00000000c0000000,0x00000000c12647a8,0x00000000c2b00000)
 Metaspace       used 7502K, capacity 7778K, committed 8064K, reserved 1056768K
  class space    used 772K, capacity 786K, committed 896K, reserved 1048576K

Card table byte_map: [0x0000000011a30000,0x0000000011c40000] byte_map_base: 0x0000000011430000

Marking Bits: (ParMarkBitMap*) 0x000000006db74040
 Begin Bits: [0x00000000121a0000, 0x00000000131a0000)
 End Bits:   [0x00000000131a0000, 0x00000000141a0000)

Polling page: 0x0000000000930000

CodeCache: size=245760Kb used=5645Kb max_used=5645Kb free=240114Kb
 bounds [0x0000000002670000, 0x0000000002c00000, 0x0000000011670000]
 total_blobs=2118 nmethods=1823 adapters=208
 compilation: enabled

Compilation events (10 events):
Event: 1.726 Thread 0x00000000163ab800 1825       1       com.android.dx.io.instructions.PackedSwitchPayloadDecodedInstruction::getFirstKey (5 bytes)
Event: 1.726 Thread 0x00000000163ab800 nmethod 1825 0x0000000002bf6a10 code [0x0000000002bf6b60, 0x0000000002bf6c70]
Event: 1.737 Thread 0x00000000163ab800 1827       2       sun.security.provider.DigestBase::engineUpdate (189 bytes)
Event: 1.738 Thread 0x00000000163ab800 nmethod 1827 0x0000000002bf6cd0 code [0x0000000002bf6ea0, 0x0000000002bf74b8]
Event: 1.738 Thread 0x00000000163ab800 1828       2       java.security.MessageDigest::update (45 bytes)
Event: 1.738 Thread 0x00000000163ab800 nmethod 1828 0x0000000002bf7750 code [0x0000000002bf78e0, 0x0000000002bf7bc8]
Event: 1.738 Thread 0x00000000163ab800 1829       2       java.security.MessageDigest$Delegate::engineUpdate (11 bytes)
Event: 1.739 Thread 0x00000000163ab800 nmethod 1829 0x0000000002bf7d50 code [0x0000000002bf7ec0, 0x0000000002bf8048]
Event: 1.739 Thread 0x00000000163ab800 1830 %     3       sun.security.provider.DigestBase::implCompressMultiBlock @ 0 (23 bytes)
Event: 1.739 Thread 0x00000000163ab800 nmethod 1830% 0x0000000002bf80d0 code [0x0000000002bf8240, 0x0000000002bf8588]

GC Heap History (6 events):
Event: 0.821 GC heap before
{Heap before GC invocations=1 (full 0):
 PSYoungGen      total 18944K, used 16384K [0x00000000eab00000, 0x00000000ec000000, 0x0000000100000000)
  eden space 16384K, 100% used [0x00000000eab00000,0x00000000ebb00000,0x00000000ebb00000)
  from space 2560K, 0% used [0x00000000ebd80000,0x00000000ebd80000,0x00000000ec000000)
  to   space 2560K, 0% used [0x00000000ebb00000,0x00000000ebb00000,0x00000000ebd80000)
 ParOldGen       total 44032K, used 0K [0x00000000c0000000, 0x00000000c2b00000, 0x00000000eab00000)
  object space 44032K, 0% used [0x00000000c0000000,0x00000000c0000000,0x00000000c2b00000)
 Metaspace       used 5582K, capacity 6704K, committed 6784K, reserved 1056768K
  class space    used 576K, capacity 616K, committed 640K, reserved 1048576K
Event: 0.835 GC heap after
Heap after GC invocations=1 (full 0):
 PSYoungGen      total 18944K, used 2556K [0x00000000eab00000, 0x00000000ed000000, 0x0000000100000000)
  eden space 16384K, 0% used [0x00000000eab00000,0x00000000eab00000,0x00000000ebb00000)
  from space 2560K, 99% used [0x00000000ebb00000,0x00000000ebd7f2b0,0x00000000ebd80000)
  to   space 2560K, 0% used [0x00000000ecd80000,0x00000000ecd80000,0x00000000ed000000)
 ParOldGen       total 44032K, used 2227K [0x00000000c0000000, 0x00000000c2b00000, 0x00000000eab00000)
  object space 44032K, 5% used [0x00000000c0000000,0x00000000c022cf50,0x00000000c2b00000)
 Metaspace       used 5582K, capacity 6704K, committed 6784K, reserved 1056768K
  class space    used 576K, capacity 616K, committed 640K, reserved 1048576K
}
Event: 1.349 GC heap before
{Heap before GC invocations=2 (full 0):
 PSYoungGen      total 18944K, used 18940K [0x00000000eab00000, 0x00000000ed000000, 0x0000000100000000)
  eden space 16384K, 100% used [0x00000000eab00000,0x00000000ebb00000,0x00000000ebb00000)
  from space 2560K, 99% used [0x00000000ebb00000,0x00000000ebd7f2b0,0x00000000ebd80000)
  to   space 2560K, 0% used [0x00000000ecd80000,0x00000000ecd80000,0x00000000ed000000)
 ParOldGen       total 44032K, used 2227K [0x00000000c0000000, 0x00000000c2b00000, 0x00000000eab00000)
  object space 44032K, 5% used [0x00000000c0000000,0x00000000c022cf50,0x00000000c2b00000)
 Metaspace       used 7431K, capacity 7714K, committed 8064K, reserved 1056768K
  class space    used 772K, capacity 786K, committed 896K, reserved 1048576K
Event: 1.356 GC heap after
Heap after GC invocations=2 (full 0):
 PSYoungGen      total 35328K, used 2556K [0x00000000eab00000, 0x00000000ed000000, 0x0000000100000000)
  eden space 32768K, 0% used [0x00000000eab00000,0x00000000eab00000,0x00000000ecb00000)
  from space 2560K, 99% used [0x00000000ecd80000,0x00000000ecfff170,0x00000000ed000000)
  to   space 2560K, 0% used [0x00000000ecb00000,0x00000000ecb00000,0x00000000ecd80000)
 ParOldGen       total 44032K, used 6147K [0x00000000c0000000, 0x00000000c2b00000, 0x00000000eab00000)
  object space 44032K, 13% used [0x00000000c0000000,0x00000000c0600ea0,0x00000000c2b00000)
 Metaspace       used 7431K, capacity 7714K, committed 8064K, reserved 1056768K
  class space    used 772K, capacity 786K, committed 896K, reserved 1048576K
}
Event: 1.700 GC heap before
{Heap before GC invocations=3 (full 0):
 PSYoungGen      total 35328K, used 35324K [0x00000000eab00000, 0x00000000ed000000, 0x0000000100000000)
  eden space 32768K, 100% used [0x00000000eab00000,0x00000000ecb00000,0x00000000ecb00000)
  from space 2560K, 99% used [0x00000000ecd80000,0x00000000ecfff170,0x00000000ed000000)
  to   space 2560K, 0% used [0x00000000ecb00000,0x00000000ecb00000,0x00000000ecd80000)
 ParOldGen       total 44032K, used 6147K [0x00000000c0000000, 0x00000000c2b00000, 0x00000000eab00000)
  object space 44032K, 13% used [0x00000000c0000000,0x00000000c0600ea0,0x00000000c2b00000)
 Metaspace       used 7496K, capacity 7778K, committed 8064K, reserved 1056768K
  class space    used 772K, capacity 786K, committed 896K, reserved 1048576K
Event: 1.714 GC heap after
Heap after GC invocations=3 (full 0):
 PSYoungGen      total 35328K, used 2551K [0x00000000eab00000, 0x00000000ed000000, 0x0000000100000000)
  eden space 32768K, 0% used [0x00000000eab00000,0x00000000eab00000,0x00000000ecb00000)
  from space 2560K, 99% used [0x00000000ecb00000,0x00000000ecd7dcc0,0x00000000ecd80000)
  to   space 2560K, 0% used [0x00000000ecd80000,0x00000000ecd80000,0x00000000ed000000)
 ParOldGen       total 44032K, used 18833K [0x00000000c0000000, 0x00000000c2b00000, 0x00000000eab00000)
  object space 44032K, 42% used [0x00000000c0000000,0x00000000c12647a8,0x00000000c2b00000)
 Metaspace       used 7496K, capacity 7778K, committed 8064K, reserved 1056768K
  class space    used 772K, capacity 786K, committed 896K, reserved 1048576K
}

Deoptimization events (10 events):
Event: 1.145 Thread 0x0000000002570800 Uncommon trap: reason=unstable_if action=reinterpret pc=0x0000000002a50ad8 method=java.util.HashMap.putVal(ILjava/lang/Object;Ljava/lang/Object;ZZ)Ljava/lang/Object; @ 162
Event: 1.217 Thread 0x0000000002570800 Uncommon trap: reason=unstable_if action=reinterpret pc=0x0000000002a73774 method=sun.misc.URLClassPath.getLoader(I)Lsun/misc/URLClassPath$Loader; @ 36
Event: 1.217 Thread 0x0000000002570800 Uncommon trap: reason=unstable_if action=reinterpret pc=0x0000000002a6c718 method=sun.misc.URLClassPath.getLoader(I)Lsun/misc/URLClassPath$Loader; @ 36
Event: 1.217 Thread 0x0000000002570800 Uncommon trap: reason=unstable_if action=reinterpret pc=0x0000000002ab9308 method=sun.misc.MetaIndex.mayContain(Ljava/lang/String;)Z @ 13
Event: 1.218 Thread 0x0000000002570800 Uncommon trap: reason=unstable_if action=reinterpret pc=0x000000000285a6c4 method=sun.misc.MetaIndex.mayContain(Ljava/lang/String;)Z @ 13
Event: 1.254 Thread 0x0000000002570800 Uncommon trap: reason=unstable_if action=reinterpret pc=0x0000000002a94234 method=com.android.dex.Mutf8.decode(Lcom/android/dex/util/ByteInput;[C)Ljava/lang/String; @ 37
Event: 1.254 Thread 0x0000000002570800 Uncommon trap: reason=unstable_if action=reinterpret pc=0x0000000002a870c4 method=com.android.dex.Mutf8.countBytes(Ljava/lang/String;Z)J @ 35
Event: 1.281 Thread 0x0000000002570800 Uncommon trap: reason=predicate action=maybe_recompile pc=0x0000000002ad7e24 method=com.android.dex.Leb128.readUnsignedLeb128(Lcom/android/dex/util/ByteInput;)I @ 41
Event: 1.303 Thread 0x0000000002570800 Uncommon trap: reason=unstable_if action=reinterpret pc=0x00000000029c9dd0 method=java.util.HashMap.getNode(ILjava/lang/Object;)Ljava/util/HashMap$Node; @ 84
Event: 1.318 Thread 0x0000000002570800 Uncommon trap: reason=unstable_if action=reinterpret pc=0x00000000029cc224 method=java.util.HashMap.getNode(ILjava/lang/Object;)Ljava/util/HashMap$Node; @ 84

Internal exceptions (6 events):
Event: 0.179 Thread 0x0000000002570800 Exception <a 'java/lang/NoSuchMethodError': Method sun.misc.Unsafe.defineClass(Ljava/lang/String;[BII)Ljava/lang/Class; name or signature does not match> (0x00000000eab12de8) thrown at [D:\re\workspace\8-2-build-windows-amd64-cygwin\jdk8u40\3098\hotspot\sr¸
≠ûÂﬁ∆?
Event: 0.179 Thread 0x0000000002570800 Exception <a 'java/lang/NoSuchMethodError': Method sun.misc.Unsafe.prefetchRead(Ljava/lang/Object;J)V name or signature does not match> (0x00000000eab13078) thrown at [D:\re\workspace\8-2-build-windows-amd64-cygwin\jdk8u40\3098\hotspot\src\share\vm\prims\jîPÍè⁄zÛ?
Event: 1.217 Thread 0x0000000002570800 Exception <a 'java/security/PrivilegedActionException'> (0x00000000eb7117a0) thrown at [D:\re\workspace\8-2-build-windows-amd64-cygwin\jdk8u40\3098\hotspot\src\share\vm\prims\jvm.cpp, line 1382]
Event: 1.218 Thread 0x0000000002570800 Exception <a 'java/security/PrivilegedActionException'> (0x00000000eb711ae8) thrown at [D:\re\workspace\8-2-build-windows-amd64-cygwin\jdk8u40\3098\hotspot\src\share\vm\prims\jvm.cpp, line 1382]
Event: 1.218 Thread 0x0000000002570800 Exception <a 'java/security/PrivilegedActionException'> (0x00000000eb714410) thrown at [D:\re\workspace\8-2-build-windows-amd64-cygwin\jdk8u40\3098\hotspot\src\share\vm\prims\jvm.cpp, line 1382]
Event: 1.218 Thread 0x0000000002570800 Exception <a 'java/security/PrivilegedActionException'> (0x00000000eb714758) thrown at [D:\re\workspace\8-2-build-windows-amd64-cygwin\jdk8u40\3098\hotspot\src\share\vm\prims\jvm.cpp, line 1382]

Events (10 events):
Event: 1.462 Thread 0x0000000002570800 DEOPT PACKING pc=0x0000000002b553a4 sp=0x00000000021fee30
Event: 1.462 Thread 0x0000000002570800 DEOPT UNPACKING pc=0x00000000026b787f sp=0x00000000021feb48 mode 0
Event: 1.462 loading class com/android/dex/Dex$1
Event: 1.462 loading class com/android/dex/Dex$1 done
Event: 1.500 Thread 0x0000000002570800 DEOPT PACKING pc=0x0000000002b509e1 sp=0x00000000021fee40
Event: 1.500 Thread 0x0000000002570800 DEOPT UNPACKING pc=0x00000000026b787f sp=0x00000000021feb30 mode 0
Event: 1.504 Thread 0x0000000002570800 DEOPT PACKING pc=0x0000000002b29f86 sp=0x00000000021fedf0
Event: 1.504 Thread 0x0000000002570800 DEOPT UNPACKING pc=0x00000000026b787f sp=0x00000000021feb10 mode 0
Event: 1.699 Executing VM operation: ParallelGCFailedAllocation
Event: 1.714 Executing VM operation: ParallelGCFailedAllocation done


Dynamic libraries:
0x00007ff7b34e0000 - 0x00007ff7b3517000 	D:\Java\jdk1.8.0_40\bin\java.exe
0x00007ffeeee20000 - 0x00007ffeeefca000 	C:\Windows\SYSTEM32\ntdll.dll
0x00007ffeeece0000 - 0x00007ffeeee1a000 	C:\Windows\system32\KERNEL32.DLL
0x00007ffeec260000 - 0x00007ffeec36f000 	C:\Windows\system32\KERNELBASE.dll
0x00007ffeeada0000 - 0x00007ffeeae28000 	C:\Windows\system32\apphelp.dll
0x00007ffee22d0000 - 0x00007ffee231f000 	C:\Windows\AppPatch\AppPatch64\AcGenral.DLL
0x00007ffeed100000 - 0x00007ffeed1a7000 	C:\Windows\system32\msvcrt.dll
0x00007ffeebf70000 - 0x00007ffeebf9b000 	C:\Windows\SYSTEM32\SspiCli.dll
0x00007ffeed530000 - 0x00007ffeed581000 	C:\Windows\system32\SHLWAPI.dll
0x00007ffeec6a0000 - 0x00007ffeec811000 	C:\Windows\system32\USER32.dll
0x00007ffeed590000 - 0x00007ffeed708000 	C:\Windows\system32\ole32.dll
0x00007ffeed710000 - 0x00007ffeeeb27000 	C:\Windows\system32\SHELL32.dll
0x00007ffeeb7a0000 - 0x00007ffeeb7be000 	C:\Windows\SYSTEM32\USERENV.dll
0x00007ffeeca30000 - 0x00007ffeecad5000 	C:\Windows\system32\ADVAPI32.dll
0x00007ffee15a0000 - 0x00007ffee15bb000 	C:\Windows\SYSTEM32\MPR.dll
0x00007ffeeeb80000 - 0x00007ffeeecb6000 	C:\Windows\system32\RPCRT4.dll
0x00007ffeed080000 - 0x00007ffeed0d7000 	C:\Windows\SYSTEM32\sechost.dll
0x00007ffeecbe0000 - 0x00007ffeecdb6000 	C:\Windows\SYSTEM32\combase.dll
0x00007ffeec830000 - 0x00007ffeec975000 	C:\Windows\system32\GDI32.dll
0x00007ffeec190000 - 0x00007ffeec1a4000 	C:\Windows\SYSTEM32\profapi.dll
0x00007ffeea410000 - 0x00007ffeea4af000 	C:\Windows\SYSTEM32\SHCORE.dll
0x00007ffeeeb40000 - 0x00007ffeeeb74000 	C:\Windows\system32\IMM32.DLL
0x00007ffeece20000 - 0x00007ffeecf59000 	C:\Windows\system32\MSCTF.dll
0x00007ffee9720000 - 0x00007ffee997a000 	C:\Windows\WinSxS\amd64_microsoft.windows.common-controls_6595b64144ccf1df_6.0.9600.17031_none_6242a4b3ecbb55a1\COMCTL32.dll
0x000000006ce00000 - 0x000000006ced2000 	D:\Java\jdk1.8.0_40\jre\bin\msvcr100.dll
0x000000006d370000 - 0x000000006dbf3000 	D:\Java\jdk1.8.0_40\jre\bin\server\jvm.dll
0x00007ffee7040000 - 0x00007ffee7049000 	C:\Windows\SYSTEM32\WSOCK32.dll
0x00007ffedec40000 - 0x00007ffedec5f000 	C:\Windows\SYSTEM32\WINMM.dll
0x00007ffee9b50000 - 0x00007ffee9b5a000 	C:\Windows\SYSTEM32\VERSION.dll
0x00007ffeed0e0000 - 0x00007ffeed0e7000 	C:\Windows\system32\PSAPI.DLL
0x00007ffeecdc0000 - 0x00007ffeece18000 	C:\Windows\system32\WS2_32.dll
0x00007ffede270000 - 0x00007ffede29a000 	C:\Windows\SYSTEM32\WINMMBASE.dll
0x00007ffeed0f0000 - 0x00007ffeed0f9000 	C:\Windows\system32\NSI.dll
0x00007ffeec5a0000 - 0x00007ffeec5ea000 	C:\Windows\SYSTEM32\cfgmgr32.dll
0x00007ffeeb020000 - 0x00007ffeeb046000 	C:\Windows\SYSTEM32\DEVOBJ.dll
0x000000006d360000 - 0x000000006d36f000 	D:\Java\jdk1.8.0_40\jre\bin\verify.dll
0x000000006d330000 - 0x000000006d359000 	D:\Java\jdk1.8.0_40\jre\bin\java.dll
0x000000006d310000 - 0x000000006d326000 	D:\Java\jdk1.8.0_40\jre\bin\zip.dll
0x00007ffee0a30000 - 0x00007ffee0bb8000 	C:\Windows\SYSTEM32\dbghelp.dll

VM Arguments:
jvm_args: -Xmx1024M -Dfile.encoding=GBK -Duser.country=CN -Duser.language=zh -Duser.variant 
java_command: com.android.dx.command.Main --dex --num-threads=4 --output C:\Users\langdexuming\AndroidStudioProjects\jadeApp\app\build\intermediates\dex\debug C:\Users\langdexuming\AndroidStudioProjects\jadeApp\app\build\intermediates\classes\debug C:\Users\langdexuming\AndroidStudioProjects\jadeApp\app\build\intermediates\pre-dexed\debug\support-annotations-23.0.1-32b2c9d6ce0bc7ecb7a196d9b81e324ead5a4dd4.jar C:\Users\langdexuming\AndroidStudioProjects\jadeApp\app\build\intermediates\pre-dexed\debug\internal_impl-23.0.1-f28052311c854b154ab6f1e6b2e345ebb609fc4f.jar C:\Users\langdexuming\AndroidStudioProjects\jadeApp\app\build\intermediates\pre-dexed\debug\classes-c8f1d9bcab17fbb1fd495f35e162ef12c87fd6f8.jar C:\Users\langdexuming\AndroidStudioProjects\jadeApp\app\build\intermediates\pre-dexed\debug\classes-769da42ac302d56a63df80c83ffab0cae995aad4.jar
java_class_path (initial): C:\Users\langdexuming\AppData\Local\Android\sdk\build-tools\23.0.1\lib\dx.jar
Launcher Type: SUN_STANDARD

Environment Variables:
JAVA_HOME=D:\Java\jdk1.8.0_40
CLASSPATH=.;D:\Java\jdk1.8.0_40\lib;D:\Java\jdk1.8.0_40\lib\tools.jar
PATH=C:\ProgramData\Oracle\Java\javapath;D:\Python27\;C:\Windows\system32;C:\Windows;C:\Windows\System32\Wbem;C:\Windows\System32\WindowsPowerShell\v1.0\;C:\Program Files (x86)\ATI Technologies\ATI.ACE\Core-Static;C:\Program Files\Microsoft SQL Server\110\Tools\Binn\;C:\Program Files\MySQL\MySQL Server 5.5\bin;D:\Program Files\TortoiseSVN\bin;D:\Program Files\Git\cmd;%JAVA_HOME%\bin;%JAVA_HOME%\jre\bin;.;D:\Java\jdk1.8.0_40\bin;D:\Java\jdk1.8.0_40\jre\bin;.;
USERNAME=langdexuming
OS=Windows_NT
PROCESSOR_IDENTIFIER=Intel64 Family 6 Model 58 Stepping 9, GenuineIntel



---------------  S Y S T E M  ---------------

OS: Windows 8.1 , 64 bit Build 9600 (6.3.9600.17056)

CPU:total 4 (2 cores per cpu, 2 threads per core) family 6 model 58 stepping 9, cmov, cx8, fxsr, mmx, sse, sse2, sse3, ssse3, sse4.1, sse4.2, popcnt, avx, aes, clmul, erms, ht, tsc, tscinvbit, tscinv

Memory: 4k page, physical 4083992k(102160k free), swap 7229720k(5116k free)

vm_info: Java HotSpot(TM) 64-Bit Server VM (25.40-b25) for windows-amd64 JRE (1.8.0_40-b26), built on Mar  7 2015 13:51:59 by "java_re" with MS VC++ 10.0 (VS2010)

time: Sat Oct 31 13:57:01 2015
elapsed time: 1 seconds (0d 0h 0m 1s)

